AdamW (
Parameter Group 0
    amsgrad: False
    betas: (0.9, 0.999)
    capturable: False
    differentiable: False
    eps: 1e-08
    foreach: None
    fused: None
    lr: 0.0001
    maximize: False
    weight_decay: 0.0001
)
Using RandomRotation, RandomFlip
#################### Start Training ####################
2024-05-02 19:57:28.486283 Epoch [001/040], Step [0020/0223],  lateral-5: 1.2600]
2024-05-02 19:57:44.641378 Epoch [001/040], Step [0040/0223],  lateral-5: 1.0838]
2024-05-02 19:58:00.644311 Epoch [001/040], Step [0060/0223],  lateral-5: 0.7802]
2024-05-02 19:58:16.593403 Epoch [001/040], Step [0080/0223],  lateral-5: 0.5987]
2024-05-02 19:58:32.559916 Epoch [001/040], Step [0100/0223],  lateral-5: 0.5202]
2024-05-02 19:58:48.516276 Epoch [001/040], Step [0120/0223],  lateral-5: 0.4556]
2024-05-02 19:59:04.492999 Epoch [001/040], Step [0140/0223],  lateral-5: 0.4024]
2024-05-02 19:59:20.503996 Epoch [001/040], Step [0160/0223],  lateral-5: 0.3888]
2024-05-02 19:59:36.524980 Epoch [001/040], Step [0180/0223],  lateral-5: 0.3815]
2024-05-02 19:59:52.546664 Epoch [001/040], Step [0200/0223],  lateral-5: 0.3731]
2024-05-02 20:00:08.573247 Epoch [001/040], Step [0220/0223],  lateral-5: 0.3536]
2024-05-02 20:00:10.969929 Epoch [001/040], Step [0223/0223],  lateral-5: 0.3530]
the current epoch is 1, the validation dice is 0.780802011095701
##############################################################################best 0.780802011095701
2024-05-02 20:04:19.276676 Epoch [002/040], Step [0020/0223],  lateral-5: 0.3272]
2024-05-02 20:04:35.255417 Epoch [002/040], Step [0040/0223],  lateral-5: 0.3277]
2024-05-02 20:04:51.155637 Epoch [002/040], Step [0060/0223],  lateral-5: 0.3157]
2024-05-02 20:05:07.090546 Epoch [002/040], Step [0080/0223],  lateral-5: 0.3205]
2024-05-02 20:05:23.046061 Epoch [002/040], Step [0100/0223],  lateral-5: 0.3139]
2024-05-02 20:05:39.022516 Epoch [002/040], Step [0120/0223],  lateral-5: 0.2922]
2024-05-02 20:05:55.060750 Epoch [002/040], Step [0140/0223],  lateral-5: 0.2966]
2024-05-02 20:06:11.080260 Epoch [002/040], Step [0160/0223],  lateral-5: 0.2929]
2024-05-02 20:06:27.078404 Epoch [002/040], Step [0180/0223],  lateral-5: 0.2858]
2024-05-02 20:06:43.305855 Epoch [002/040], Step [0200/0223],  lateral-5: 0.2893]
2024-05-02 20:06:59.309269 Epoch [002/040], Step [0220/0223],  lateral-5: 0.2953]
2024-05-02 20:07:01.439635 Epoch [002/040], Step [0223/0223],  lateral-5: 0.2952]
the current epoch is 2, the validation dice is 0.8455350208044379
##############################################################################best 0.8455350208044379
2024-05-02 20:10:57.465979 Epoch [003/040], Step [0020/0223],  lateral-5: 0.2982]
2024-05-02 20:11:13.467716 Epoch [003/040], Step [0040/0223],  lateral-5: 0.2895]
2024-05-02 20:11:29.383082 Epoch [003/040], Step [0060/0223],  lateral-5: 0.2760]
2024-05-02 20:11:45.335245 Epoch [003/040], Step [0080/0223],  lateral-5: 0.2585]
2024-05-02 20:12:01.300739 Epoch [003/040], Step [0100/0223],  lateral-5: 0.2503]
2024-05-02 20:12:17.349818 Epoch [003/040], Step [0120/0223],  lateral-5: 0.2685]
2024-05-02 20:12:33.464995 Epoch [003/040], Step [0140/0223],  lateral-5: 0.2713]
2024-05-02 20:12:49.499274 Epoch [003/040], Step [0160/0223],  lateral-5: 0.2617]
2024-05-02 20:13:05.514473 Epoch [003/040], Step [0180/0223],  lateral-5: 0.2625]
2024-05-02 20:13:21.515903 Epoch [003/040], Step [0200/0223],  lateral-5: 0.2693]
2024-05-02 20:13:37.518660 Epoch [003/040], Step [0220/0223],  lateral-5: 0.2634]
2024-05-02 20:13:39.649006 Epoch [003/040], Step [0223/0223],  lateral-5: 0.2601]
the current epoch is 3, the validation dice is 0.8311364771151183
2024-05-02 20:17:24.433181 Epoch [004/040], Step [0020/0223],  lateral-5: 0.2759]
2024-05-02 20:17:40.420223 Epoch [004/040], Step [0040/0223],  lateral-5: 0.2691]
2024-05-02 20:17:56.366396 Epoch [004/040], Step [0060/0223],  lateral-5: 0.2551]
2024-05-02 20:18:12.320753 Epoch [004/040], Step [0080/0223],  lateral-5: 0.2459]
2024-05-02 20:18:28.280970 Epoch [004/040], Step [0100/0223],  lateral-5: 0.2419]
2024-05-02 20:18:44.346780 Epoch [004/040], Step [0120/0223],  lateral-5: 0.2464]
2024-05-02 20:19:00.554348 Epoch [004/040], Step [0140/0223],  lateral-5: 0.2468]
2024-05-02 20:19:16.548238 Epoch [004/040], Step [0160/0223],  lateral-5: 0.2483]
2024-05-02 20:19:32.539796 Epoch [004/040], Step [0180/0223],  lateral-5: 0.2544]
2024-05-02 20:19:48.539997 Epoch [004/040], Step [0200/0223],  lateral-5: 0.2455]
2024-05-02 20:20:04.532657 Epoch [004/040], Step [0220/0223],  lateral-5: 0.2441]
2024-05-02 20:20:06.661908 Epoch [004/040], Step [0223/0223],  lateral-5: 0.2487]
the current epoch is 4, the validation dice is 0.8309273925104019
2024-05-02 20:24:13.313667 Epoch [005/040], Step [0020/0223],  lateral-5: 0.2477]
2024-05-02 20:24:29.317275 Epoch [005/040], Step [0040/0223],  lateral-5: 0.2505]
2024-05-02 20:24:45.302303 Epoch [005/040], Step [0060/0223],  lateral-5: 0.2624]
2024-05-02 20:25:01.260651 Epoch [005/040], Step [0080/0223],  lateral-5: 0.2574]
2024-05-02 20:25:17.211209 Epoch [005/040], Step [0100/0223],  lateral-5: 0.2399]
2024-05-02 20:25:33.166649 Epoch [005/040], Step [0120/0223],  lateral-5: 0.2339]
2024-05-02 20:25:49.120309 Epoch [005/040], Step [0140/0223],  lateral-5: 0.2347]
2024-05-02 20:26:05.094672 Epoch [005/040], Step [0160/0223],  lateral-5: 0.2386]
2024-05-02 20:26:21.060904 Epoch [005/040], Step [0180/0223],  lateral-5: 0.2410]
2024-05-02 20:26:37.026793 Epoch [005/040], Step [0200/0223],  lateral-5: 0.2439]
2024-05-02 20:26:53.027124 Epoch [005/040], Step [0220/0223],  lateral-5: 0.2377]
2024-05-02 20:26:55.153997 Epoch [005/040], Step [0223/0223],  lateral-5: 0.2339]
the current epoch is 5, the validation dice is 0.8470120665742021
##############################################################################best 0.8470120665742021
2024-05-02 20:31:24.740335 Epoch [006/040], Step [0020/0223],  lateral-5: 0.2308]
2024-05-02 20:31:40.741390 Epoch [006/040], Step [0040/0223],  lateral-5: 0.2252]
2024-05-02 20:31:56.936145 Epoch [006/040], Step [0060/0223],  lateral-5: 0.2322]
2024-05-02 20:32:12.989679 Epoch [006/040], Step [0080/0223],  lateral-5: 0.2289]
2024-05-02 20:32:29.031016 Epoch [006/040], Step [0100/0223],  lateral-5: 0.2192]
2024-05-02 20:32:45.080641 Epoch [006/040], Step [0120/0223],  lateral-5: 0.2369]
2024-05-02 20:33:01.132704 Epoch [006/040], Step [0140/0223],  lateral-5: 0.2304]
2024-05-02 20:33:17.203292 Epoch [006/040], Step [0160/0223],  lateral-5: 0.2257]
2024-05-02 20:33:33.284092 Epoch [006/040], Step [0180/0223],  lateral-5: 0.2296]
2024-05-02 20:33:49.352274 Epoch [006/040], Step [0200/0223],  lateral-5: 0.2260]
2024-05-02 20:34:05.425239 Epoch [006/040], Step [0220/0223],  lateral-5: 0.2239]
2024-05-02 20:34:07.562921 Epoch [006/040], Step [0223/0223],  lateral-5: 0.2219]
the current epoch is 6, the validation dice is 0.8485932732316219
##############################################################################best 0.8485932732316219
2024-05-02 20:38:15.513644 Epoch [007/040], Step [0020/0223],  lateral-5: 0.2356]
2024-05-02 20:38:31.500465 Epoch [007/040], Step [0040/0223],  lateral-5: 0.2231]
2024-05-02 20:38:47.525202 Epoch [007/040], Step [0060/0223],  lateral-5: 0.2131]
2024-05-02 20:39:03.502014 Epoch [007/040], Step [0080/0223],  lateral-5: 0.2175]
2024-05-02 20:39:19.478745 Epoch [007/040], Step [0100/0223],  lateral-5: 0.2116]
2024-05-02 20:39:35.458094 Epoch [007/040], Step [0120/0223],  lateral-5: 0.2154]
2024-05-02 20:39:51.452329 Epoch [007/040], Step [0140/0223],  lateral-5: 0.2217]
2024-05-02 20:40:07.445146 Epoch [007/040], Step [0160/0223],  lateral-5: 0.2177]
2024-05-02 20:40:23.459581 Epoch [007/040], Step [0180/0223],  lateral-5: 0.2240]
2024-05-02 20:40:39.460123 Epoch [007/040], Step [0200/0223],  lateral-5: 0.2191]
2024-05-02 20:40:55.604597 Epoch [007/040], Step [0220/0223],  lateral-5: 0.2212]
2024-05-02 20:40:57.736575 Epoch [007/040], Step [0223/0223],  lateral-5: 0.2299]
the current epoch is 7, the validation dice is 0.8304298196948663
2024-05-02 20:44:44.729079 Epoch [008/040], Step [0020/0223],  lateral-5: 0.2068]
2024-05-02 20:45:00.754083 Epoch [008/040], Step [0040/0223],  lateral-5: 0.2100]
2024-05-02 20:45:16.836022 Epoch [008/040], Step [0060/0223],  lateral-5: 0.2111]
2024-05-02 20:45:32.863817 Epoch [008/040], Step [0080/0223],  lateral-5: 0.2146]
2024-05-02 20:45:48.853890 Epoch [008/040], Step [0100/0223],  lateral-5: 0.2234]
2024-05-02 20:46:04.851404 Epoch [008/040], Step [0120/0223],  lateral-5: 0.2169]
2024-05-02 20:46:20.844426 Epoch [008/040], Step [0140/0223],  lateral-5: 0.2213]
2024-05-02 20:46:36.841908 Epoch [008/040], Step [0160/0223],  lateral-5: 0.2357]
2024-05-02 20:46:52.836478 Epoch [008/040], Step [0180/0223],  lateral-5: 0.2319]
2024-05-02 20:47:08.832298 Epoch [008/040], Step [0200/0223],  lateral-5: 0.2251]
2024-05-02 20:47:24.795423 Epoch [008/040], Step [0220/0223],  lateral-5: 0.2163]
2024-05-02 20:47:26.923234 Epoch [008/040], Step [0223/0223],  lateral-5: 0.2140]
the current epoch is 8, the validation dice is 0.8306070735090143
2024-05-02 20:51:13.695982 Epoch [009/040], Step [0020/0223],  lateral-5: 0.2051]
2024-05-02 20:51:29.650282 Epoch [009/040], Step [0040/0223],  lateral-5: 0.2005]
2024-05-02 20:51:45.581315 Epoch [009/040], Step [0060/0223],  lateral-5: 0.1983]
2024-05-02 20:52:01.565732 Epoch [009/040], Step [0080/0223],  lateral-5: 0.2040]
2024-05-02 20:52:17.561710 Epoch [009/040], Step [0100/0223],  lateral-5: 0.2126]
2024-05-02 20:52:33.586026 Epoch [009/040], Step [0120/0223],  lateral-5: 0.2153]
2024-05-02 20:52:49.598552 Epoch [009/040], Step [0140/0223],  lateral-5: 0.2074]
2024-05-02 20:53:05.810585 Epoch [009/040], Step [0160/0223],  lateral-5: 0.2140]
2024-05-02 20:53:21.858762 Epoch [009/040], Step [0180/0223],  lateral-5: 0.2249]
2024-05-02 20:53:37.905575 Epoch [009/040], Step [0200/0223],  lateral-5: 0.2189]
2024-05-02 20:53:53.957315 Epoch [009/040], Step [0220/0223],  lateral-5: 0.2046]
2024-05-02 20:53:56.090868 Epoch [009/040], Step [0223/0223],  lateral-5: 0.2068]
the current epoch is 9, the validation dice is 0.8584819694868238
##############################################################################best 0.8584819694868238
2024-05-02 20:58:02.893151 Epoch [010/040], Step [0020/0223],  lateral-5: 0.2079]
2024-05-02 20:58:18.816579 Epoch [010/040], Step [0040/0223],  lateral-5: 0.2027]
2024-05-02 20:58:34.733923 Epoch [010/040], Step [0060/0223],  lateral-5: 0.2051]
2024-05-02 20:58:50.683858 Epoch [010/040], Step [0080/0223],  lateral-5: 0.2101]
2024-05-02 20:59:06.629864 Epoch [010/040], Step [0100/0223],  lateral-5: 0.2074]
2024-05-02 20:59:22.593008 Epoch [010/040], Step [0120/0223],  lateral-5: 0.2116]
2024-05-02 20:59:38.546599 Epoch [010/040], Step [0140/0223],  lateral-5: 0.2064]
2024-05-02 20:59:54.518158 Epoch [010/040], Step [0160/0223],  lateral-5: 0.2008]
2024-05-02 21:00:10.483935 Epoch [010/040], Step [0180/0223],  lateral-5: 0.2037]
2024-05-02 21:00:26.473309 Epoch [010/040], Step [0200/0223],  lateral-5: 0.2106]
2024-05-02 21:00:42.434823 Epoch [010/040], Step [0220/0223],  lateral-5: 0.2085]
2024-05-02 21:00:44.563231 Epoch [010/040], Step [0223/0223],  lateral-5: 0.2116]
the current epoch is 10, the validation dice is 0.8159219140083204
2024-05-02 21:05:28.746042 Epoch [011/040], Step [0020/0223],  lateral-5: 0.2141]
2024-05-02 21:05:44.677432 Epoch [011/040], Step [0040/0223],  lateral-5: 0.2110]
2024-05-02 21:06:00.608252 Epoch [011/040], Step [0060/0223],  lateral-5: 0.2092]
2024-05-02 21:06:16.688678 Epoch [011/040], Step [0080/0223],  lateral-5: 0.2125]
2024-05-02 21:06:32.663811 Epoch [011/040], Step [0100/0223],  lateral-5: 0.2147]
2024-05-02 21:06:48.636885 Epoch [011/040], Step [0120/0223],  lateral-5: 0.2168]
2024-05-02 21:07:04.642631 Epoch [011/040], Step [0140/0223],  lateral-5: 0.2098]
2024-05-02 21:07:20.650153 Epoch [011/040], Step [0160/0223],  lateral-5: 0.2092]
2024-05-02 21:07:36.673653 Epoch [011/040], Step [0180/0223],  lateral-5: 0.2201]
2024-05-02 21:07:52.704802 Epoch [011/040], Step [0200/0223],  lateral-5: 0.2118]
2024-05-02 21:08:08.741073 Epoch [011/040], Step [0220/0223],  lateral-5: 0.2009]
2024-05-02 21:08:10.866598 Epoch [011/040], Step [0223/0223],  lateral-5: 0.2011]
the current epoch is 11, the validation dice is 0.847399029126214
2024-05-02 21:12:27.946001 Epoch [012/040], Step [0020/0223],  lateral-5: 0.1839]
2024-05-02 21:12:43.879676 Epoch [012/040], Step [0040/0223],  lateral-5: 0.1898]
2024-05-02 21:12:59.781555 Epoch [012/040], Step [0060/0223],  lateral-5: 0.1908]
2024-05-02 21:13:15.712169 Epoch [012/040], Step [0080/0223],  lateral-5: 0.1884]
2024-05-02 21:13:31.731444 Epoch [012/040], Step [0100/0223],  lateral-5: 0.2005]
2024-05-02 21:13:47.735530 Epoch [012/040], Step [0120/0223],  lateral-5: 0.2061]
2024-05-02 21:14:03.738524 Epoch [012/040], Step [0140/0223],  lateral-5: 0.2097]
2024-05-02 21:14:19.743358 Epoch [012/040], Step [0160/0223],  lateral-5: 0.2128]
2024-05-02 21:14:35.794449 Epoch [012/040], Step [0180/0223],  lateral-5: 0.2134]
2024-05-02 21:14:51.826420 Epoch [012/040], Step [0200/0223],  lateral-5: 0.2042]
2024-05-02 21:15:07.834811 Epoch [012/040], Step [0220/0223],  lateral-5: 0.1918]
2024-05-02 21:15:09.963424 Epoch [012/040], Step [0223/0223],  lateral-5: 0.1959]
the current epoch is 12, the validation dice is 0.8047208044382786
2024-05-02 21:18:58.874111 Epoch [013/040], Step [0020/0223],  lateral-5: 0.1991]
2024-05-02 21:19:14.913799 Epoch [013/040], Step [0040/0223],  lateral-5: 0.1951]
2024-05-02 21:19:30.913588 Epoch [013/040], Step [0060/0223],  lateral-5: 0.1946]
2024-05-02 21:19:46.918201 Epoch [013/040], Step [0080/0223],  lateral-5: 0.2021]
2024-05-02 21:20:02.964459 Epoch [013/040], Step [0100/0223],  lateral-5: 0.2130]
2024-05-02 21:20:18.978221 Epoch [013/040], Step [0120/0223],  lateral-5: 0.2093]
2024-05-02 21:20:35.018448 Epoch [013/040], Step [0140/0223],  lateral-5: 0.2001]
2024-05-02 21:20:51.047576 Epoch [013/040], Step [0160/0223],  lateral-5: 0.2029]
2024-05-02 21:21:07.057610 Epoch [013/040], Step [0180/0223],  lateral-5: 0.2107]
2024-05-02 21:21:23.082210 Epoch [013/040], Step [0200/0223],  lateral-5: 0.2170]
2024-05-02 21:21:39.170706 Epoch [013/040], Step [0220/0223],  lateral-5: 0.2134]
2024-05-02 21:21:41.299474 Epoch [013/040], Step [0223/0223],  lateral-5: 0.2130]
the current epoch is 13, the validation dice is 0.7852300277392505
2024-05-02 21:25:33.651425 Epoch [014/040], Step [0020/0223],  lateral-5: 0.1847]
2024-05-02 21:25:49.635416 Epoch [014/040], Step [0040/0223],  lateral-5: 0.1902]
2024-05-02 21:26:05.563947 Epoch [014/040], Step [0060/0223],  lateral-5: 0.1974]
2024-05-02 21:26:21.513698 Epoch [014/040], Step [0080/0223],  lateral-5: 0.1927]
2024-05-02 21:26:37.486030 Epoch [014/040], Step [0100/0223],  lateral-5: 0.1924]
2024-05-02 21:26:53.719256 Epoch [014/040], Step [0120/0223],  lateral-5: 0.1999]
2024-05-02 21:27:09.746651 Epoch [014/040], Step [0140/0223],  lateral-5: 0.1871]
2024-05-02 21:27:25.742707 Epoch [014/040], Step [0160/0223],  lateral-5: 0.1821]
2024-05-02 21:27:41.937932 Epoch [014/040], Step [0180/0223],  lateral-5: 0.2008]
2024-05-02 21:27:58.009697 Epoch [014/040], Step [0200/0223],  lateral-5: 0.1935]
2024-05-02 21:28:14.072304 Epoch [014/040], Step [0220/0223],  lateral-5: 0.1903]
2024-05-02 21:28:16.217230 Epoch [014/040], Step [0223/0223],  lateral-5: 0.1925]
the current epoch is 14, the validation dice is 0.8132364771151175
2024-05-02 21:33:40.704737 Epoch [015/040], Step [0020/0223],  lateral-5: 0.2034]
2024-05-02 21:33:56.888505 Epoch [015/040], Step [0040/0223],  lateral-5: 0.1993]
2024-05-02 21:34:12.898891 Epoch [015/040], Step [0060/0223],  lateral-5: 0.1930]
2024-05-02 21:34:28.879774 Epoch [015/040], Step [0080/0223],  lateral-5: 0.1926]
2024-05-02 21:34:44.905359 Epoch [015/040], Step [0100/0223],  lateral-5: 0.1893]
2024-05-02 21:35:00.894226 Epoch [015/040], Step [0120/0223],  lateral-5: 0.1914]
2024-05-02 21:35:16.888044 Epoch [015/040], Step [0140/0223],  lateral-5: 0.1889]
2024-05-02 21:35:32.881790 Epoch [015/040], Step [0160/0223],  lateral-5: 0.1875]
2024-05-02 21:35:48.880038 Epoch [015/040], Step [0180/0223],  lateral-5: 0.1953]
2024-05-02 21:36:04.860191 Epoch [015/040], Step [0200/0223],  lateral-5: 0.1899]
2024-05-02 21:36:20.874987 Epoch [015/040], Step [0220/0223],  lateral-5: 0.1896]
2024-05-02 21:36:23.001788 Epoch [015/040], Step [0223/0223],  lateral-5: 0.1894]
the current epoch is 15, the validation dice is 0.7877246879334259
2024-05-02 21:42:18.465482 Epoch [016/040], Step [0020/0223],  lateral-5: 0.1946]
2024-05-02 21:42:34.429368 Epoch [016/040], Step [0040/0223],  lateral-5: 0.1905]
2024-05-02 21:42:50.357587 Epoch [016/040], Step [0060/0223],  lateral-5: 0.1813]
2024-05-02 21:43:06.266913 Epoch [016/040], Step [0080/0223],  lateral-5: 0.1766]
2024-05-02 21:43:22.202956 Epoch [016/040], Step [0100/0223],  lateral-5: 0.1855]
2024-05-02 21:43:38.361938 Epoch [016/040], Step [0120/0223],  lateral-5: 0.1904]
2024-05-02 21:43:54.382800 Epoch [016/040], Step [0140/0223],  lateral-5: 0.1890]
2024-05-02 21:44:10.397448 Epoch [016/040], Step [0160/0223],  lateral-5: 0.1881]
2024-05-02 21:44:26.463218 Epoch [016/040], Step [0180/0223],  lateral-5: 0.2037]
2024-05-02 21:44:42.704398 Epoch [016/040], Step [0200/0223],  lateral-5: 0.2127]
2024-05-02 21:44:58.969527 Epoch [016/040], Step [0220/0223],  lateral-5: 0.1961]
2024-05-02 21:45:01.129082 Epoch [016/040], Step [0223/0223],  lateral-5: 0.1935]
the current epoch is 16, the validation dice is 0.7777974341192785
2024-05-02 21:50:24.149759 Epoch [017/040], Step [0020/0223],  lateral-5: 0.1838]
2024-05-02 21:50:40.162213 Epoch [017/040], Step [0040/0223],  lateral-5: 0.1893]
2024-05-02 21:50:56.110379 Epoch [017/040], Step [0060/0223],  lateral-5: 0.1917]
2024-05-02 21:51:12.077179 Epoch [017/040], Step [0080/0223],  lateral-5: 0.1816]
2024-05-02 21:51:28.068123 Epoch [017/040], Step [0100/0223],  lateral-5: 0.1746]
2024-05-02 21:51:44.204499 Epoch [017/040], Step [0120/0223],  lateral-5: 0.1763]
2024-05-02 21:52:00.335299 Epoch [017/040], Step [0140/0223],  lateral-5: 0.1939]
2024-05-02 21:52:16.502542 Epoch [017/040], Step [0160/0223],  lateral-5: 0.2001]
2024-05-02 21:52:32.676104 Epoch [017/040], Step [0180/0223],  lateral-5: 0.1871]
2024-05-02 21:52:48.911922 Epoch [017/040], Step [0200/0223],  lateral-5: 0.1856]
2024-05-02 21:53:05.028425 Epoch [017/040], Step [0220/0223],  lateral-5: 0.1858]
2024-05-02 21:53:07.190049 Epoch [017/040], Step [0223/0223],  lateral-5: 0.1858]
the current epoch is 17, the validation dice is 0.8131785714285719
2024-05-02 21:58:10.243198 Epoch [018/040], Step [0020/0223],  lateral-5: 0.1800]
2024-05-02 21:58:26.555588 Epoch [018/040], Step [0040/0223],  lateral-5: 0.1762]
2024-05-02 21:58:43.502230 Epoch [018/040], Step [0060/0223],  lateral-5: 0.1747]
2024-05-02 21:59:00.107512 Epoch [018/040], Step [0080/0223],  lateral-5: 0.1755]
2024-05-02 21:59:16.894515 Epoch [018/040], Step [0100/0223],  lateral-5: 0.1784]
2024-05-02 21:59:33.664384 Epoch [018/040], Step [0120/0223],  lateral-5: 0.1884]
2024-05-02 21:59:50.528976 Epoch [018/040], Step [0140/0223],  lateral-5: 0.1935]
2024-05-02 22:00:08.291809 Epoch [018/040], Step [0160/0223],  lateral-5: 0.1904]
2024-05-02 22:00:25.946943 Epoch [018/040], Step [0180/0223],  lateral-5: 0.1971]
2024-05-02 22:00:43.190469 Epoch [018/040], Step [0200/0223],  lateral-5: 0.2072]
2024-05-02 22:01:00.220088 Epoch [018/040], Step [0220/0223],  lateral-5: 0.1928]
2024-05-02 22:01:02.495449 Epoch [018/040], Step [0223/0223],  lateral-5: 0.1912]
the current epoch is 18, the validation dice is 0.8364736477115119
2024-05-02 22:08:51.616886 Epoch [019/040], Step [0020/0223],  lateral-5: 0.1698]
2024-05-02 22:09:08.460560 Epoch [019/040], Step [0040/0223],  lateral-5: 0.1769]
2024-05-02 22:09:25.087784 Epoch [019/040], Step [0060/0223],  lateral-5: 0.1825]
2024-05-02 22:09:41.860854 Epoch [019/040], Step [0080/0223],  lateral-5: 0.1843]
2024-05-02 22:09:58.660295 Epoch [019/040], Step [0100/0223],  lateral-5: 0.1802]
2024-05-02 22:10:15.307650 Epoch [019/040], Step [0120/0223],  lateral-5: 0.1742]
2024-05-02 22:10:32.241694 Epoch [019/040], Step [0140/0223],  lateral-5: 0.1813]
2024-05-02 22:10:49.232489 Epoch [019/040], Step [0160/0223],  lateral-5: 0.1800]
2024-05-02 22:11:06.019404 Epoch [019/040], Step [0180/0223],  lateral-5: 0.1743]
2024-05-02 22:11:22.789839 Epoch [019/040], Step [0200/0223],  lateral-5: 0.1739]
2024-05-02 22:11:39.865895 Epoch [019/040], Step [0220/0223],  lateral-5: 0.1824]
2024-05-02 22:11:42.125430 Epoch [019/040], Step [0223/0223],  lateral-5: 0.1835]
the current epoch is 19, the validation dice is 0.8249460471567278
2024-05-02 22:20:12.757800 Epoch [020/040], Step [0020/0223],  lateral-5: 0.1764]
2024-05-02 22:20:29.509865 Epoch [020/040], Step [0040/0223],  lateral-5: 0.1831]
2024-05-02 22:20:46.520940 Epoch [020/040], Step [0060/0223],  lateral-5: 0.1829]
2024-05-02 22:21:03.226115 Epoch [020/040], Step [0080/0223],  lateral-5: 0.1787]
2024-05-02 22:21:20.072419 Epoch [020/040], Step [0100/0223],  lateral-5: 0.1798]
2024-05-02 22:21:36.779158 Epoch [020/040], Step [0120/0223],  lateral-5: 0.1817]
2024-05-02 22:21:53.555070 Epoch [020/040], Step [0140/0223],  lateral-5: 0.1827]
2024-05-02 22:22:10.189693 Epoch [020/040], Step [0160/0223],  lateral-5: 0.1870]
2024-05-02 22:22:26.788604 Epoch [020/040], Step [0180/0223],  lateral-5: 0.1941]
2024-05-02 22:22:43.373666 Epoch [020/040], Step [0200/0223],  lateral-5: 0.1864]
2024-05-02 22:22:59.919321 Epoch [020/040], Step [0220/0223],  lateral-5: 0.1851]
2024-05-02 22:23:02.115562 Epoch [020/040], Step [0223/0223],  lateral-5: 0.1856]
the current epoch is 20, the validation dice is 0.7613333564493762
2024-05-02 22:28:15.104244 Epoch [021/040], Step [0020/0223],  lateral-5: 0.1734]
2024-05-02 22:28:31.463225 Epoch [021/040], Step [0040/0223],  lateral-5: 0.1826]
2024-05-02 22:28:47.673859 Epoch [021/040], Step [0060/0223],  lateral-5: 0.1815]
2024-05-02 22:29:03.724281 Epoch [021/040], Step [0080/0223],  lateral-5: 0.1775]
2024-05-02 22:29:19.799476 Epoch [021/040], Step [0100/0223],  lateral-5: 0.1914]
2024-05-02 22:29:35.867195 Epoch [021/040], Step [0120/0223],  lateral-5: 0.1858]
2024-05-02 22:29:51.980025 Epoch [021/040], Step [0140/0223],  lateral-5: 0.1838]
2024-05-02 22:30:08.227701 Epoch [021/040], Step [0160/0223],  lateral-5: 0.1992]
2024-05-02 22:30:24.248820 Epoch [021/040], Step [0180/0223],  lateral-5: 0.1958]
2024-05-02 22:30:40.284225 Epoch [021/040], Step [0200/0223],  lateral-5: 0.1876]
2024-05-02 22:30:56.296027 Epoch [021/040], Step [0220/0223],  lateral-5: 0.1830]
2024-05-02 22:30:58.425524 Epoch [021/040], Step [0223/0223],  lateral-5: 0.1833]
the current epoch is 21, the validation dice is 0.8209909847434124
2024-05-02 22:36:32.244891 Epoch [022/040], Step [0020/0223],  lateral-5: 0.1830]
2024-05-02 22:36:48.271459 Epoch [022/040], Step [0040/0223],  lateral-5: 0.1772]
2024-05-02 22:37:04.272945 Epoch [022/040], Step [0060/0223],  lateral-5: 0.1754]
2024-05-02 22:37:20.325359 Epoch [022/040], Step [0080/0223],  lateral-5: 0.1924]
2024-05-02 22:37:36.315007 Epoch [022/040], Step [0100/0223],  lateral-5: 0.2165]
2024-05-02 22:37:52.350736 Epoch [022/040], Step [0120/0223],  lateral-5: 0.2101]
2024-05-02 22:38:08.379741 Epoch [022/040], Step [0140/0223],  lateral-5: 0.1877]
2024-05-02 22:38:24.408965 Epoch [022/040], Step [0160/0223],  lateral-5: 0.1860]
2024-05-02 22:38:40.437415 Epoch [022/040], Step [0180/0223],  lateral-5: 0.1827]
2024-05-02 22:38:56.479841 Epoch [022/040], Step [0200/0223],  lateral-5: 0.1778]
2024-05-02 22:39:12.496708 Epoch [022/040], Step [0220/0223],  lateral-5: 0.1794]
2024-05-02 22:39:14.632361 Epoch [022/040], Step [0223/0223],  lateral-5: 0.1800]
the current epoch is 22, the validation dice is 0.7953178918169211
2024-05-02 22:44:55.065985 Epoch [023/040], Step [0020/0223],  lateral-5: 0.1743]
2024-05-02 22:45:11.103945 Epoch [023/040], Step [0040/0223],  lateral-5: 0.1817]
2024-05-02 22:45:27.109688 Epoch [023/040], Step [0060/0223],  lateral-5: 0.1877]
2024-05-02 22:45:43.112192 Epoch [023/040], Step [0080/0223],  lateral-5: 0.1828]
2024-05-02 22:45:59.270824 Epoch [023/040], Step [0100/0223],  lateral-5: 0.1768]
2024-05-02 22:46:15.291532 Epoch [023/040], Step [0120/0223],  lateral-5: 0.1746]
2024-05-02 22:46:31.298828 Epoch [023/040], Step [0140/0223],  lateral-5: 0.1833]
2024-05-02 22:46:47.336702 Epoch [023/040], Step [0160/0223],  lateral-5: 0.1817]
2024-05-02 22:47:03.561920 Epoch [023/040], Step [0180/0223],  lateral-5: 0.1746]
2024-05-02 22:47:19.910972 Epoch [023/040], Step [0200/0223],  lateral-5: 0.1700]
2024-05-02 22:47:36.122152 Epoch [023/040], Step [0220/0223],  lateral-5: 0.1632]
2024-05-02 22:47:38.268826 Epoch [023/040], Step [0223/0223],  lateral-5: 0.1646]
the current epoch is 23, the validation dice is 0.79691213592233
2024-05-02 22:53:02.791946 Epoch [024/040], Step [0020/0223],  lateral-5: 0.1744]
2024-05-02 22:53:18.814045 Epoch [024/040], Step [0040/0223],  lateral-5: 0.1754]
2024-05-02 22:53:34.834113 Epoch [024/040], Step [0060/0223],  lateral-5: 0.1786]
2024-05-02 22:53:50.836180 Epoch [024/040], Step [0080/0223],  lateral-5: 0.1721]
2024-05-02 22:54:06.830221 Epoch [024/040], Step [0100/0223],  lateral-5: 0.1621]
2024-05-02 22:54:22.845900 Epoch [024/040], Step [0120/0223],  lateral-5: 0.1668]
2024-05-02 22:54:38.871897 Epoch [024/040], Step [0140/0223],  lateral-5: 0.1695]
2024-05-02 22:54:54.958385 Epoch [024/040], Step [0160/0223],  lateral-5: 0.1692]
2024-05-02 22:55:10.970344 Epoch [024/040], Step [0180/0223],  lateral-5: 0.1742]
2024-05-02 22:55:26.964066 Epoch [024/040], Step [0200/0223],  lateral-5: 0.1744]
2024-05-02 22:55:42.980066 Epoch [024/040], Step [0220/0223],  lateral-5: 0.1652]
2024-05-02 22:55:45.113436 Epoch [024/040], Step [0223/0223],  lateral-5: 0.1648]
the current epoch is 24, the validation dice is 0.8097912621359208
2024-05-02 23:01:05.680051 Epoch [025/040], Step [0020/0223],  lateral-5: 0.1727]
2024-05-02 23:01:22.013938 Epoch [025/040], Step [0040/0223],  lateral-5: 0.1718]
2024-05-02 23:01:38.207814 Epoch [025/040], Step [0060/0223],  lateral-5: 0.1677]
2024-05-02 23:01:54.344092 Epoch [025/040], Step [0080/0223],  lateral-5: 0.1653]
2024-05-02 23:02:10.455440 Epoch [025/040], Step [0100/0223],  lateral-5: 0.1632]
2024-05-02 23:02:26.589090 Epoch [025/040], Step [0120/0223],  lateral-5: 0.1674]
2024-05-02 23:02:42.693402 Epoch [025/040], Step [0140/0223],  lateral-5: 0.1732]
2024-05-02 23:02:58.807540 Epoch [025/040], Step [0160/0223],  lateral-5: 0.1823]
2024-05-02 23:03:15.013514 Epoch [025/040], Step [0180/0223],  lateral-5: 0.1878]
2024-05-02 23:03:31.245308 Epoch [025/040], Step [0200/0223],  lateral-5: 0.1786]
2024-05-02 23:03:47.492342 Epoch [025/040], Step [0220/0223],  lateral-5: 0.1780]
2024-05-02 23:03:49.655040 Epoch [025/040], Step [0223/0223],  lateral-5: 0.1823]
the current epoch is 25, the validation dice is 0.7913366158113747
2024-05-02 23:08:58.695857 Epoch [026/040], Step [0020/0223],  lateral-5: 0.1748]
2024-05-02 23:09:14.761193 Epoch [026/040], Step [0040/0223],  lateral-5: 0.1796]
2024-05-02 23:09:30.860620 Epoch [026/040], Step [0060/0223],  lateral-5: 0.1813]
2024-05-02 23:09:46.891738 Epoch [026/040], Step [0080/0223],  lateral-5: 0.1819]
2024-05-02 23:10:03.071588 Epoch [026/040], Step [0100/0223],  lateral-5: 0.1786]
2024-05-02 23:10:19.283030 Epoch [026/040], Step [0120/0223],  lateral-5: 0.1780]
2024-05-02 23:10:35.456020 Epoch [026/040], Step [0140/0223],  lateral-5: 0.1848]
2024-05-02 23:10:51.505309 Epoch [026/040], Step [0160/0223],  lateral-5: 0.1882]
2024-05-02 23:11:07.520721 Epoch [026/040], Step [0180/0223],  lateral-5: 0.1863]
2024-05-02 23:11:23.704143 Epoch [026/040], Step [0200/0223],  lateral-5: 0.1776]
2024-05-02 23:11:39.730935 Epoch [026/040], Step [0220/0223],  lateral-5: 0.1726]
2024-05-02 23:11:41.856523 Epoch [026/040], Step [0223/0223],  lateral-5: 0.1699]
the current epoch is 26, the validation dice is 0.8130409847434122
2024-05-02 23:16:57.068071 Epoch [027/040], Step [0020/0223],  lateral-5: 0.1858]
2024-05-02 23:17:13.206462 Epoch [027/040], Step [0040/0223],  lateral-5: 0.1841]
2024-05-02 23:17:29.365301 Epoch [027/040], Step [0060/0223],  lateral-5: 0.1748]
2024-05-02 23:17:45.538694 Epoch [027/040], Step [0080/0223],  lateral-5: 0.1701]
2024-05-02 23:18:01.541402 Epoch [027/040], Step [0100/0223],  lateral-5: 0.1722]
2024-05-02 23:18:17.562887 Epoch [027/040], Step [0120/0223],  lateral-5: 0.1741]
2024-05-02 23:18:33.568592 Epoch [027/040], Step [0140/0223],  lateral-5: 0.1713]
2024-05-02 23:18:49.598423 Epoch [027/040], Step [0160/0223],  lateral-5: 0.1645]
2024-05-02 23:19:05.623835 Epoch [027/040], Step [0180/0223],  lateral-5: 0.1646]
2024-05-02 23:19:21.633513 Epoch [027/040], Step [0200/0223],  lateral-5: 0.1655]
2024-05-02 23:19:37.644125 Epoch [027/040], Step [0220/0223],  lateral-5: 0.1698]
2024-05-02 23:19:39.773971 Epoch [027/040], Step [0223/0223],  lateral-5: 0.1692]
the current epoch is 27, the validation dice is 0.8045805825242716
2024-05-02 23:25:23.709873 Epoch [028/040], Step [0020/0223],  lateral-5: 0.1704]
2024-05-02 23:25:39.695654 Epoch [028/040], Step [0040/0223],  lateral-5: 0.1759]
2024-05-02 23:25:55.695697 Epoch [028/040], Step [0060/0223],  lateral-5: 0.1740]
2024-05-02 23:26:11.705629 Epoch [028/040], Step [0080/0223],  lateral-5: 0.1626]
2024-05-02 23:26:27.713873 Epoch [028/040], Step [0100/0223],  lateral-5: 0.1609]
2024-05-02 23:26:43.744014 Epoch [028/040], Step [0120/0223],  lateral-5: 0.1636]
2024-05-02 23:26:59.949499 Epoch [028/040], Step [0140/0223],  lateral-5: 0.1630]
2024-05-02 23:27:16.029382 Epoch [028/040], Step [0160/0223],  lateral-5: 0.1675]
2024-05-02 23:27:32.163251 Epoch [028/040], Step [0180/0223],  lateral-5: 0.1728]
2024-05-02 23:27:48.279676 Epoch [028/040], Step [0200/0223],  lateral-5: 0.1690]
2024-05-02 23:28:04.388309 Epoch [028/040], Step [0220/0223],  lateral-5: 0.1661]
2024-05-02 23:28:06.527992 Epoch [028/040], Step [0223/0223],  lateral-5: 0.1651]
the current epoch is 28, the validation dice is 0.8261282246879327
2024-05-02 23:34:00.698531 Epoch [029/040], Step [0020/0223],  lateral-5: 0.1792]
2024-05-02 23:34:16.647110 Epoch [029/040], Step [0040/0223],  lateral-5: 0.1718]
2024-05-02 23:34:32.587216 Epoch [029/040], Step [0060/0223],  lateral-5: 0.1636]
2024-05-02 23:34:48.567228 Epoch [029/040], Step [0080/0223],  lateral-5: 0.1617]
2024-05-02 23:35:04.579865 Epoch [029/040], Step [0100/0223],  lateral-5: 0.1668]
2024-05-02 23:35:20.635603 Epoch [029/040], Step [0120/0223],  lateral-5: 0.1664]
2024-05-02 23:35:36.688684 Epoch [029/040], Step [0140/0223],  lateral-5: 0.1634]
2024-05-02 23:35:52.721008 Epoch [029/040], Step [0160/0223],  lateral-5: 0.1647]
2024-05-02 23:36:08.846051 Epoch [029/040], Step [0180/0223],  lateral-5: 0.1625]
2024-05-02 23:36:25.034047 Epoch [029/040], Step [0200/0223],  lateral-5: 0.1618]
2024-05-02 23:36:41.140644 Epoch [029/040], Step [0220/0223],  lateral-5: 0.1661]
2024-05-02 23:36:43.306822 Epoch [029/040], Step [0223/0223],  lateral-5: 0.1649]
the current epoch is 29, the validation dice is 0.8337189320388345
2024-05-02 23:41:54.620210 Epoch [030/040], Step [0020/0223],  lateral-5: 0.1659]
2024-05-02 23:42:10.606148 Epoch [030/040], Step [0040/0223],  lateral-5: 0.1617]
2024-05-02 23:42:26.608154 Epoch [030/040], Step [0060/0223],  lateral-5: 0.1612]
2024-05-02 23:42:42.812406 Epoch [030/040], Step [0080/0223],  lateral-5: 0.1683]
2024-05-02 23:42:58.925065 Epoch [030/040], Step [0100/0223],  lateral-5: 0.1724]
2024-05-02 23:43:15.127065 Epoch [030/040], Step [0120/0223],  lateral-5: 0.1763]
2024-05-02 23:43:31.471566 Epoch [030/040], Step [0140/0223],  lateral-5: 0.1799]
2024-05-02 23:43:47.667923 Epoch [030/040], Step [0160/0223],  lateral-5: 0.1784]
2024-05-02 23:44:03.803232 Epoch [030/040], Step [0180/0223],  lateral-5: 0.1694]
2024-05-02 23:44:19.894865 Epoch [030/040], Step [0200/0223],  lateral-5: 0.1618]
2024-05-02 23:44:35.994074 Epoch [030/040], Step [0220/0223],  lateral-5: 0.1696]
2024-05-02 23:44:38.127573 Epoch [030/040], Step [0223/0223],  lateral-5: 0.1699]
the current epoch is 30, the validation dice is 0.8042302357836333
2024-05-02 23:49:19.502960 Epoch [031/040], Step [0020/0223],  lateral-5: 0.1611]
2024-05-02 23:49:35.547274 Epoch [031/040], Step [0040/0223],  lateral-5: 0.1652]
2024-05-02 23:49:51.548409 Epoch [031/040], Step [0060/0223],  lateral-5: 0.1657]
2024-05-02 23:50:07.531234 Epoch [031/040], Step [0080/0223],  lateral-5: 0.1647]
2024-05-02 23:50:23.576744 Epoch [031/040], Step [0100/0223],  lateral-5: 0.1738]
2024-05-02 23:50:39.672694 Epoch [031/040], Step [0120/0223],  lateral-5: 0.1812]
2024-05-02 23:50:55.736913 Epoch [031/040], Step [0140/0223],  lateral-5: 0.1722]
2024-05-02 23:51:11.798433 Epoch [031/040], Step [0160/0223],  lateral-5: 0.1607]
2024-05-02 23:51:27.894793 Epoch [031/040], Step [0180/0223],  lateral-5: 0.1647]
2024-05-02 23:51:43.986903 Epoch [031/040], Step [0200/0223],  lateral-5: 0.1671]
2024-05-02 23:52:00.031339 Epoch [031/040], Step [0220/0223],  lateral-5: 0.1718]
2024-05-02 23:52:02.307785 Epoch [031/040], Step [0223/0223],  lateral-5: 0.1723]
the current epoch is 31, the validation dice is 0.7943401525658791
2024-05-02 23:56:43.303064 Epoch [032/040], Step [0020/0223],  lateral-5: 0.1680]
2024-05-02 23:56:59.380334 Epoch [032/040], Step [0040/0223],  lateral-5: 0.1714]
2024-05-02 23:57:15.450833 Epoch [032/040], Step [0060/0223],  lateral-5: 0.1706]
2024-05-02 23:57:31.546579 Epoch [032/040], Step [0080/0223],  lateral-5: 0.1639]
2024-05-02 23:57:47.730764 Epoch [032/040], Step [0100/0223],  lateral-5: 0.1619]
2024-05-02 23:58:03.817226 Epoch [032/040], Step [0120/0223],  lateral-5: 0.1625]
2024-05-02 23:58:20.015186 Epoch [032/040], Step [0140/0223],  lateral-5: 0.1630]
2024-05-02 23:58:36.110151 Epoch [032/040], Step [0160/0223],  lateral-5: 0.1652]
2024-05-02 23:58:52.135808 Epoch [032/040], Step [0180/0223],  lateral-5: 0.1596]
2024-05-02 23:59:08.147431 Epoch [032/040], Step [0200/0223],  lateral-5: 0.1588]
2024-05-02 23:59:24.182645 Epoch [032/040], Step [0220/0223],  lateral-5: 0.1651]
2024-05-02 23:59:26.319204 Epoch [032/040], Step [0223/0223],  lateral-5: 0.1618]
the current epoch is 32, the validation dice is 0.8127991678224687
2024-05-03 00:04:25.099655 Epoch [033/040], Step [0020/0223],  lateral-5: 0.1741]
2024-05-03 00:04:41.289424 Epoch [033/040], Step [0040/0223],  lateral-5: 0.1728]
2024-05-03 00:04:57.510895 Epoch [033/040], Step [0060/0223],  lateral-5: 0.1639]
2024-05-03 00:05:13.613194 Epoch [033/040], Step [0080/0223],  lateral-5: 0.1594]
2024-05-03 00:05:29.723362 Epoch [033/040], Step [0100/0223],  lateral-5: 0.1639]
2024-05-03 00:05:45.858657 Epoch [033/040], Step [0120/0223],  lateral-5: 0.1602]
2024-05-03 00:06:01.895915 Epoch [033/040], Step [0140/0223],  lateral-5: 0.1566]
2024-05-03 00:06:18.068807 Epoch [033/040], Step [0160/0223],  lateral-5: 0.1570]
2024-05-03 00:06:34.072940 Epoch [033/040], Step [0180/0223],  lateral-5: 0.1607]
2024-05-03 00:06:50.082794 Epoch [033/040], Step [0200/0223],  lateral-5: 0.1781]
2024-05-03 00:07:06.101189 Epoch [033/040], Step [0220/0223],  lateral-5: 0.1747]
2024-05-03 00:07:08.237839 Epoch [033/040], Step [0223/0223],  lateral-5: 0.1747]
the current epoch is 33, the validation dice is 0.6750448682385571
2024-05-03 00:11:03.564135 Epoch [034/040], Step [0020/0223],  lateral-5: 0.1813]
2024-05-03 00:11:19.551743 Epoch [034/040], Step [0040/0223],  lateral-5: 0.1746]
2024-05-03 00:11:35.500484 Epoch [034/040], Step [0060/0223],  lateral-5: 0.1680]
2024-05-03 00:11:51.485729 Epoch [034/040], Step [0080/0223],  lateral-5: 0.1684]
2024-05-03 00:12:07.481226 Epoch [034/040], Step [0100/0223],  lateral-5: 0.1702]
2024-05-03 00:12:23.492728 Epoch [034/040], Step [0120/0223],  lateral-5: 0.1698]
2024-05-03 00:12:39.507187 Epoch [034/040], Step [0140/0223],  lateral-5: 0.1612]
2024-05-03 00:12:55.520898 Epoch [034/040], Step [0160/0223],  lateral-5: 0.1526]
2024-05-03 00:13:11.538066 Epoch [034/040], Step [0180/0223],  lateral-5: 0.1552]
2024-05-03 00:13:27.576211 Epoch [034/040], Step [0200/0223],  lateral-5: 0.1640]
2024-05-03 00:13:43.593440 Epoch [034/040], Step [0220/0223],  lateral-5: 0.1717]
2024-05-03 00:13:45.727463 Epoch [034/040], Step [0223/0223],  lateral-5: 0.1713]
the current epoch is 34, the validation dice is 0.7726789181692094
2024-05-03 00:18:00.867492 Epoch [035/040], Step [0020/0223],  lateral-5: 0.1762]
2024-05-03 00:18:16.846116 Epoch [035/040], Step [0040/0223],  lateral-5: 0.1732]
2024-05-03 00:18:32.759667 Epoch [035/040], Step [0060/0223],  lateral-5: 0.1650]
2024-05-03 00:18:48.717941 Epoch [035/040], Step [0080/0223],  lateral-5: 0.1669]
2024-05-03 00:19:04.827361 Epoch [035/040], Step [0100/0223],  lateral-5: 0.1673]
2024-05-03 00:19:20.823063 Epoch [035/040], Step [0120/0223],  lateral-5: 0.1588]
2024-05-03 00:19:36.822154 Epoch [035/040], Step [0140/0223],  lateral-5: 0.1572]
2024-05-03 00:19:52.829594 Epoch [035/040], Step [0160/0223],  lateral-5: 0.1654]
2024-05-03 00:20:08.850525 Epoch [035/040], Step [0180/0223],  lateral-5: 0.1949]
2024-05-03 00:20:24.868980 Epoch [035/040], Step [0200/0223],  lateral-5: 0.2029]
2024-05-03 00:20:40.883640 Epoch [035/040], Step [0220/0223],  lateral-5: 0.1828]
2024-05-03 00:20:43.013454 Epoch [035/040], Step [0223/0223],  lateral-5: 0.1777]
the current epoch is 35, the validation dice is 0.8030346740638004
2024-05-03 00:25:03.511555 Epoch [036/040], Step [0020/0223],  lateral-5: 0.1667]
2024-05-03 00:25:19.495520 Epoch [036/040], Step [0040/0223],  lateral-5: 0.1666]
2024-05-03 00:25:35.435309 Epoch [036/040], Step [0060/0223],  lateral-5: 0.1641]
2024-05-03 00:25:51.390729 Epoch [036/040], Step [0080/0223],  lateral-5: 0.1648]
2024-05-03 00:26:07.368420 Epoch [036/040], Step [0100/0223],  lateral-5: 0.1577]
2024-05-03 00:26:23.364861 Epoch [036/040], Step [0120/0223],  lateral-5: 0.1552]
2024-05-03 00:26:39.395004 Epoch [036/040], Step [0140/0223],  lateral-5: 0.1569]
2024-05-03 00:26:55.429760 Epoch [036/040], Step [0160/0223],  lateral-5: 0.1507]
2024-05-03 00:27:11.452233 Epoch [036/040], Step [0180/0223],  lateral-5: 0.1541]
2024-05-03 00:27:27.486806 Epoch [036/040], Step [0200/0223],  lateral-5: 0.1599]
2024-05-03 00:27:43.532364 Epoch [036/040], Step [0220/0223],  lateral-5: 0.1619]
2024-05-03 00:27:45.665458 Epoch [036/040], Step [0223/0223],  lateral-5: 0.1601]
the current epoch is 36, the validation dice is 0.7916766296809983
2024-05-03 00:31:45.462126 Epoch [037/040], Step [0020/0223],  lateral-5: 0.1606]
2024-05-03 00:32:01.703672 Epoch [037/040], Step [0040/0223],  lateral-5: 0.1605]
2024-05-03 00:32:17.686893 Epoch [037/040], Step [0060/0223],  lateral-5: 0.1591]
2024-05-03 00:32:33.688274 Epoch [037/040], Step [0080/0223],  lateral-5: 0.1572]
2024-05-03 00:32:49.693829 Epoch [037/040], Step [0100/0223],  lateral-5: 0.1552]
2024-05-03 00:33:05.737424 Epoch [037/040], Step [0120/0223],  lateral-5: 0.1583]
2024-05-03 00:33:21.790530 Epoch [037/040], Step [0140/0223],  lateral-5: 0.1607]
2024-05-03 00:33:37.846126 Epoch [037/040], Step [0160/0223],  lateral-5: 0.1616]
2024-05-03 00:33:53.895471 Epoch [037/040], Step [0180/0223],  lateral-5: 0.1581]
2024-05-03 00:34:09.948284 Epoch [037/040], Step [0200/0223],  lateral-5: 0.1495]
2024-05-03 00:34:25.992900 Epoch [037/040], Step [0220/0223],  lateral-5: 0.1516]
2024-05-03 00:34:28.128931 Epoch [037/040], Step [0223/0223],  lateral-5: 0.1529]
the current epoch is 37, the validation dice is 0.7158015256588067
2024-05-03 00:38:11.232972 Epoch [038/040], Step [0020/0223],  lateral-5: 0.1644]
2024-05-03 00:38:27.237864 Epoch [038/040], Step [0040/0223],  lateral-5: 0.1587]
2024-05-03 00:38:43.207138 Epoch [038/040], Step [0060/0223],  lateral-5: 0.1551]
2024-05-03 00:38:59.198331 Epoch [038/040], Step [0080/0223],  lateral-5: 0.1532]
2024-05-03 00:39:15.201018 Epoch [038/040], Step [0100/0223],  lateral-5: 0.1555]
2024-05-03 00:39:31.222039 Epoch [038/040], Step [0120/0223],  lateral-5: 0.1573]
2024-05-03 00:39:47.248724 Epoch [038/040], Step [0140/0223],  lateral-5: 0.1571]
2024-05-03 00:40:03.289547 Epoch [038/040], Step [0160/0223],  lateral-5: 0.1639]
2024-05-03 00:40:19.312204 Epoch [038/040], Step [0180/0223],  lateral-5: 0.1633]
2024-05-03 00:40:35.479729 Epoch [038/040], Step [0200/0223],  lateral-5: 0.1605]
2024-05-03 00:40:51.490860 Epoch [038/040], Step [0220/0223],  lateral-5: 0.1628]
2024-05-03 00:40:53.623368 Epoch [038/040], Step [0223/0223],  lateral-5: 0.1631]
the current epoch is 38, the validation dice is 0.8170312066574192
2024-05-03 00:44:42.272680 Epoch [039/040], Step [0020/0223],  lateral-5: 0.1499]
2024-05-03 00:44:58.285052 Epoch [039/040], Step [0040/0223],  lateral-5: 0.1518]
2024-05-03 00:45:14.260144 Epoch [039/040], Step [0060/0223],  lateral-5: 0.1524]
2024-05-03 00:45:30.253769 Epoch [039/040], Step [0080/0223],  lateral-5: 0.1543]
2024-05-03 00:45:46.283108 Epoch [039/040], Step [0100/0223],  lateral-5: 0.1573]
2024-05-03 00:46:02.316281 Epoch [039/040], Step [0120/0223],  lateral-5: 0.1647]
2024-05-03 00:46:18.359681 Epoch [039/040], Step [0140/0223],  lateral-5: 0.1716]
2024-05-03 00:46:34.386216 Epoch [039/040], Step [0160/0223],  lateral-5: 0.1765]
2024-05-03 00:46:50.425106 Epoch [039/040], Step [0180/0223],  lateral-5: 0.1720]
2024-05-03 00:47:06.451251 Epoch [039/040], Step [0200/0223],  lateral-5: 0.1678]
2024-05-03 00:47:22.477566 Epoch [039/040], Step [0220/0223],  lateral-5: 0.1658]
2024-05-03 00:47:24.607739 Epoch [039/040], Step [0223/0223],  lateral-5: 0.1639]
the current epoch is 39, the validation dice is 0.8189886269070724
