AdamW (
Parameter Group 0
    amsgrad: False
    betas: (0.9, 0.999)
    capturable: False
    differentiable: False
    eps: 1e-08
    foreach: None
    fused: None
    lr: 0.0001
    maximize: False
    weight_decay: 0.0001
)
True
Using RandomRotation, RandomFlip
#################### Start Training ####################
2024-04-30 16:13:55.115625 Epoch [001/080], Step [0020/0125],  lateral-5: 0.9198]
2024-04-30 16:14:10.942477 Epoch [001/080], Step [0040/0125],  lateral-5: 0.7623]
2024-04-30 16:14:26.820758 Epoch [001/080], Step [0060/0125],  lateral-5: 0.5527]
2024-04-30 16:14:42.755348 Epoch [001/080], Step [0080/0125],  lateral-5: 0.4525]
2024-04-30 16:14:58.717191 Epoch [001/080], Step [0100/0125],  lateral-5: 0.3930]
2024-04-30 16:15:14.704173 Epoch [001/080], Step [0120/0125],  lateral-5: 0.3730]
2024-04-30 16:15:18.634997 Epoch [001/080], Step [0125/0125],  lateral-5: 0.3670]
the current epoch is 1, the validation dice is 0.7799447295423031
##############################################################################best 0.7799447295423031
2024-04-30 16:17:39.851377 Epoch [002/080], Step [0020/0125],  lateral-5: 0.3047]
2024-04-30 16:17:55.710022 Epoch [002/080], Step [0040/0125],  lateral-5: 0.3105]
2024-04-30 16:18:11.735951 Epoch [002/080], Step [0060/0125],  lateral-5: 0.3102]
2024-04-30 16:18:27.688632 Epoch [002/080], Step [0080/0125],  lateral-5: 0.3012]
2024-04-30 16:18:43.684402 Epoch [002/080], Step [0100/0125],  lateral-5: 0.3006]
2024-04-30 16:18:59.686050 Epoch [002/080], Step [0120/0125],  lateral-5: 0.2964]
2024-04-30 16:19:03.366543 Epoch [002/080], Step [0125/0125],  lateral-5: 0.2992]
the current epoch is 2, the validation dice is 0.8249454230235784
##############################################################################best 0.8249454230235784
2024-04-30 16:21:46.525435 Epoch [003/080], Step [0020/0125],  lateral-5: 0.2741]
2024-04-30 16:22:02.385469 Epoch [003/080], Step [0040/0125],  lateral-5: 0.2805]
2024-04-30 16:22:18.320173 Epoch [003/080], Step [0060/0125],  lateral-5: 0.2644]
2024-04-30 16:22:34.283097 Epoch [003/080], Step [0080/0125],  lateral-5: 0.2530]
2024-04-30 16:22:50.269136 Epoch [003/080], Step [0100/0125],  lateral-5: 0.2713]
2024-04-30 16:23:06.272395 Epoch [003/080], Step [0120/0125],  lateral-5: 0.2828]
2024-04-30 16:23:09.953331 Epoch [003/080], Step [0125/0125],  lateral-5: 0.2792]
the current epoch is 3, the validation dice is 0.769667128987517
2024-04-30 16:25:56.636380 Epoch [004/080], Step [0020/0125],  lateral-5: 0.2545]
2024-04-30 16:26:12.499356 Epoch [004/080], Step [0040/0125],  lateral-5: 0.2622]
2024-04-30 16:26:28.436634 Epoch [004/080], Step [0060/0125],  lateral-5: 0.2618]
2024-04-30 16:26:44.413586 Epoch [004/080], Step [0080/0125],  lateral-5: 0.2557]
2024-04-30 16:27:00.410082 Epoch [004/080], Step [0100/0125],  lateral-5: 0.2641]
2024-04-30 16:27:16.410583 Epoch [004/080], Step [0120/0125],  lateral-5: 0.2637]
2024-04-30 16:27:20.093046 Epoch [004/080], Step [0125/0125],  lateral-5: 0.2587]
the current epoch is 4, the validation dice is 0.7681580443828023
2024-04-30 16:30:06.783582 Epoch [005/080], Step [0020/0125],  lateral-5: 0.2596]
2024-04-30 16:30:22.655062 Epoch [005/080], Step [0040/0125],  lateral-5: 0.2473]
2024-04-30 16:30:38.591896 Epoch [005/080], Step [0060/0125],  lateral-5: 0.2410]
2024-04-30 16:30:54.569754 Epoch [005/080], Step [0080/0125],  lateral-5: 0.2464]
2024-04-30 16:31:10.569018 Epoch [005/080], Step [0100/0125],  lateral-5: 0.2416]
2024-04-30 16:31:26.576843 Epoch [005/080], Step [0120/0125],  lateral-5: 0.2570]
2024-04-30 16:31:30.267056 Epoch [005/080], Step [0125/0125],  lateral-5: 0.2580]
the current epoch is 5, the validation dice is 0.8452463245492372
##############################################################################best 0.8452463245492372
2024-04-30 16:34:18.231296 Epoch [006/080], Step [0020/0125],  lateral-5: 0.2352]
2024-04-30 16:34:34.080739 Epoch [006/080], Step [0040/0125],  lateral-5: 0.2347]
2024-04-30 16:34:49.977646 Epoch [006/080], Step [0060/0125],  lateral-5: 0.2418]
2024-04-30 16:35:05.927889 Epoch [006/080], Step [0080/0125],  lateral-5: 0.2328]
2024-04-30 16:35:21.919500 Epoch [006/080], Step [0100/0125],  lateral-5: 0.2273]
2024-04-30 16:35:37.938713 Epoch [006/080], Step [0120/0125],  lateral-5: 0.2484]
2024-04-30 16:35:41.622953 Epoch [006/080], Step [0125/0125],  lateral-5: 0.2568]
the current epoch is 6, the validation dice is 0.73520374479889
2024-04-30 16:38:07.965313 Epoch [007/080], Step [0020/0125],  lateral-5: 0.2320]
2024-04-30 16:38:23.823852 Epoch [007/080], Step [0040/0125],  lateral-5: 0.2287]
2024-04-30 16:38:39.726097 Epoch [007/080], Step [0060/0125],  lateral-5: 0.2340]
2024-04-30 16:38:55.676048 Epoch [007/080], Step [0080/0125],  lateral-5: 0.2393]
2024-04-30 16:39:11.670429 Epoch [007/080], Step [0100/0125],  lateral-5: 0.2323]
2024-04-30 16:39:27.795741 Epoch [007/080], Step [0120/0125],  lateral-5: 0.2347]
2024-04-30 16:39:31.486836 Epoch [007/080], Step [0125/0125],  lateral-5: 0.2418]
the current epoch is 7, the validation dice is 0.8229943134535381
2024-04-30 16:42:12.916444 Epoch [008/080], Step [0020/0125],  lateral-5: 0.2203]
2024-04-30 16:42:28.783144 Epoch [008/080], Step [0040/0125],  lateral-5: 0.2165]
2024-04-30 16:42:44.699181 Epoch [008/080], Step [0060/0125],  lateral-5: 0.2267]
2024-04-30 16:43:00.655354 Epoch [008/080], Step [0080/0125],  lateral-5: 0.2373]
2024-04-30 16:43:16.654022 Epoch [008/080], Step [0100/0125],  lateral-5: 0.2330]
2024-04-30 16:43:32.674924 Epoch [008/080], Step [0120/0125],  lateral-5: 0.2290]
2024-04-30 16:43:36.366483 Epoch [008/080], Step [0125/0125],  lateral-5: 0.2228]
the current epoch is 8, the validation dice is 0.8424248959778095
2024-04-30 16:45:53.359323 Epoch [009/080], Step [0020/0125],  lateral-5: 0.2391]
2024-04-30 16:46:09.234992 Epoch [009/080], Step [0040/0125],  lateral-5: 0.2285]
2024-04-30 16:46:25.163363 Epoch [009/080], Step [0060/0125],  lateral-5: 0.2134]
2024-04-30 16:46:41.143342 Epoch [009/080], Step [0080/0125],  lateral-5: 0.2083]
2024-04-30 16:46:57.134321 Epoch [009/080], Step [0100/0125],  lateral-5: 0.2120]
2024-04-30 16:47:13.132297 Epoch [009/080], Step [0120/0125],  lateral-5: 0.2151]
2024-04-30 16:47:16.814098 Epoch [009/080], Step [0125/0125],  lateral-5: 0.2155]
the current epoch is 9, the validation dice is 0.852194174757281
##############################################################################best 0.852194174757281
2024-04-30 16:49:47.800230 Epoch [010/080], Step [0020/0125],  lateral-5: 0.2263]
2024-04-30 16:50:03.659472 Epoch [010/080], Step [0040/0125],  lateral-5: 0.2186]
2024-04-30 16:50:19.572733 Epoch [010/080], Step [0060/0125],  lateral-5: 0.2130]
2024-04-30 16:50:35.649427 Epoch [010/080], Step [0080/0125],  lateral-5: 0.2128]
2024-04-30 16:50:51.670610 Epoch [010/080], Step [0100/0125],  lateral-5: 0.2051]
2024-04-30 16:51:07.711927 Epoch [010/080], Step [0120/0125],  lateral-5: 0.2026]
2024-04-30 16:51:11.408877 Epoch [010/080], Step [0125/0125],  lateral-5: 0.2018]
the current epoch is 10, the validation dice is 0.850759708737864
2024-04-30 16:54:04.531737 Epoch [011/080], Step [0020/0125],  lateral-5: 0.1904]
2024-04-30 16:54:20.400574 Epoch [011/080], Step [0040/0125],  lateral-5: 0.1999]
2024-04-30 16:54:36.314989 Epoch [011/080], Step [0060/0125],  lateral-5: 0.2048]
2024-04-30 16:54:52.274231 Epoch [011/080], Step [0080/0125],  lateral-5: 0.1986]
2024-04-30 16:55:08.270671 Epoch [011/080], Step [0100/0125],  lateral-5: 0.2049]
2024-04-30 16:55:24.267689 Epoch [011/080], Step [0120/0125],  lateral-5: 0.2104]
2024-04-30 16:55:27.949256 Epoch [011/080], Step [0125/0125],  lateral-5: 0.2083]
the current epoch is 11, the validation dice is 0.8119465325936197
2024-04-30 16:58:36.392955 Epoch [012/080], Step [0020/0125],  lateral-5: 0.1894]
2024-04-30 16:58:52.245068 Epoch [012/080], Step [0040/0125],  lateral-5: 0.1974]
2024-04-30 16:59:08.165182 Epoch [012/080], Step [0060/0125],  lateral-5: 0.2102]
2024-04-30 16:59:24.120755 Epoch [012/080], Step [0080/0125],  lateral-5: 0.2083]
2024-04-30 16:59:40.111884 Epoch [012/080], Step [0100/0125],  lateral-5: 0.1990]
2024-04-30 16:59:56.110911 Epoch [012/080], Step [0120/0125],  lateral-5: 0.2001]
2024-04-30 16:59:59.792139 Epoch [012/080], Step [0125/0125],  lateral-5: 0.2030]
the current epoch is 12, the validation dice is 0.7842891123439667
2024-04-30 17:03:12.499236 Epoch [013/080], Step [0020/0125],  lateral-5: 0.1828]
2024-04-30 17:03:28.353942 Epoch [013/080], Step [0040/0125],  lateral-5: 0.1891]
2024-04-30 17:03:44.398315 Epoch [013/080], Step [0060/0125],  lateral-5: 0.2087]
2024-04-30 17:04:00.357166 Epoch [013/080], Step [0080/0125],  lateral-5: 0.2208]
2024-04-30 17:04:16.357601 Epoch [013/080], Step [0100/0125],  lateral-5: 0.2052]
2024-04-30 17:04:32.355470 Epoch [013/080], Step [0120/0125],  lateral-5: 0.2037]
2024-04-30 17:04:36.036165 Epoch [013/080], Step [0125/0125],  lateral-5: 0.2044]
the current epoch is 13, the validation dice is 0.8390058252427193
2024-04-30 17:07:45.421531 Epoch [014/080], Step [0020/0125],  lateral-5: 0.2071]
2024-04-30 17:08:01.276807 Epoch [014/080], Step [0040/0125],  lateral-5: 0.2055]
2024-04-30 17:08:17.200189 Epoch [014/080], Step [0060/0125],  lateral-5: 0.1989]
2024-04-30 17:08:33.159545 Epoch [014/080], Step [0080/0125],  lateral-5: 0.1913]
2024-04-30 17:08:49.153596 Epoch [014/080], Step [0100/0125],  lateral-5: 0.1842]
2024-04-30 17:09:05.152594 Epoch [014/080], Step [0120/0125],  lateral-5: 0.1851]
2024-04-30 17:09:08.835450 Epoch [014/080], Step [0125/0125],  lateral-5: 0.1852]
the current epoch is 14, the validation dice is 0.8626153952843275
##############################################################################best 0.8626153952843275
2024-04-30 17:12:18.805947 Epoch [015/080], Step [0020/0125],  lateral-5: 0.1895]
2024-04-30 17:12:34.668310 Epoch [015/080], Step [0040/0125],  lateral-5: 0.1909]
2024-04-30 17:12:50.589848 Epoch [015/080], Step [0060/0125],  lateral-5: 0.1895]
2024-04-30 17:13:06.576400 Epoch [015/080], Step [0080/0125],  lateral-5: 0.1820]
2024-04-30 17:13:22.597016 Epoch [015/080], Step [0100/0125],  lateral-5: 0.1815]
2024-04-30 17:13:38.602377 Epoch [015/080], Step [0120/0125],  lateral-5: 0.1918]
2024-04-30 17:13:42.290836 Epoch [015/080], Step [0125/0125],  lateral-5: 0.1974]
the current epoch is 15, the validation dice is 0.8575602635228854
2024-04-30 17:17:26.631253 Epoch [016/080], Step [0020/0125],  lateral-5: 0.2030]
2024-04-30 17:17:42.641555 Epoch [016/080], Step [0040/0125],  lateral-5: 0.1970]
2024-04-30 17:17:58.635795 Epoch [016/080], Step [0060/0125],  lateral-5: 0.1911]
2024-04-30 17:18:14.634339 Epoch [016/080], Step [0080/0125],  lateral-5: 0.1849]
2024-04-30 17:18:30.657620 Epoch [016/080], Step [0100/0125],  lateral-5: 0.1847]
2024-04-30 17:18:46.699029 Epoch [016/080], Step [0120/0125],  lateral-5: 0.1906]
2024-04-30 17:18:50.402919 Epoch [016/080], Step [0125/0125],  lateral-5: 0.1899]
the current epoch is 16, the validation dice is 0.6833705270457685
2024-04-30 17:22:06.461774 Epoch [017/080], Step [0020/0125],  lateral-5: 0.2174]
2024-04-30 17:22:22.320907 Epoch [017/080], Step [0040/0125],  lateral-5: 0.2125]
2024-04-30 17:22:38.235035 Epoch [017/080], Step [0060/0125],  lateral-5: 0.2076]
2024-04-30 17:22:54.196137 Epoch [017/080], Step [0080/0125],  lateral-5: 0.2037]
2024-04-30 17:23:10.175988 Epoch [017/080], Step [0100/0125],  lateral-5: 0.1942]
2024-04-30 17:23:26.177444 Epoch [017/080], Step [0120/0125],  lateral-5: 0.1806]
2024-04-30 17:23:29.872993 Epoch [017/080], Step [0125/0125],  lateral-5: 0.1836]
the current epoch is 17, the validation dice is 0.8086552704576971
2024-04-30 17:27:03.594241 Epoch [018/080], Step [0020/0125],  lateral-5: 0.1869]
2024-04-30 17:27:19.465510 Epoch [018/080], Step [0040/0125],  lateral-5: 0.1887]
2024-04-30 17:27:35.394833 Epoch [018/080], Step [0060/0125],  lateral-5: 0.1884]
2024-04-30 17:27:51.363445 Epoch [018/080], Step [0080/0125],  lateral-5: 0.1828]
2024-04-30 17:28:07.377402 Epoch [018/080], Step [0100/0125],  lateral-5: 0.1819]
2024-04-30 17:28:23.520622 Epoch [018/080], Step [0120/0125],  lateral-5: 0.1867]
2024-04-30 17:28:27.209722 Epoch [018/080], Step [0125/0125],  lateral-5: 0.1843]
the current epoch is 18, the validation dice is 0.8513339112343984
2024-04-30 17:32:51.789113 Epoch [019/080], Step [0020/0125],  lateral-5: 0.1787]
2024-04-30 17:33:07.686457 Epoch [019/080], Step [0040/0125],  lateral-5: 0.1839]
2024-04-30 17:33:23.613714 Epoch [019/080], Step [0060/0125],  lateral-5: 0.1824]
2024-04-30 17:33:39.604832 Epoch [019/080], Step [0080/0125],  lateral-5: 0.1850]
2024-04-30 17:33:55.648426 Epoch [019/080], Step [0100/0125],  lateral-5: 0.1914]
2024-04-30 17:34:11.730295 Epoch [019/080], Step [0120/0125],  lateral-5: 0.1813]
2024-04-30 17:34:15.422987 Epoch [019/080], Step [0125/0125],  lateral-5: 0.1798]
the current epoch is 19, the validation dice is 0.7440553398058266
2024-04-30 17:38:43.056934 Epoch [020/080], Step [0020/0125],  lateral-5: 0.1978]
2024-04-30 17:38:58.916083 Epoch [020/080], Step [0040/0125],  lateral-5: 0.1876]
2024-04-30 17:39:14.838223 Epoch [020/080], Step [0060/0125],  lateral-5: 0.1759]
2024-04-30 17:39:30.774430 Epoch [020/080], Step [0080/0125],  lateral-5: 0.1773]
2024-04-30 17:39:46.771143 Epoch [020/080], Step [0100/0125],  lateral-5: 0.1846]
2024-04-30 17:40:02.791150 Epoch [020/080], Step [0120/0125],  lateral-5: 0.1879]
2024-04-30 17:40:06.489925 Epoch [020/080], Step [0125/0125],  lateral-5: 0.1880]
the current epoch is 20, the validation dice is 0.8230904299583913
2024-04-30 17:43:40.070353 Epoch [021/080], Step [0020/0125],  lateral-5: 0.1735]
2024-04-30 17:43:55.941066 Epoch [021/080], Step [0040/0125],  lateral-5: 0.1732]
2024-04-30 17:44:11.847302 Epoch [021/080], Step [0060/0125],  lateral-5: 0.1778]
2024-04-30 17:44:27.939054 Epoch [021/080], Step [0080/0125],  lateral-5: 0.1775]
2024-04-30 17:44:43.965080 Epoch [021/080], Step [0100/0125],  lateral-5: 0.1781]
2024-04-30 17:45:00.019663 Epoch [021/080], Step [0120/0125],  lateral-5: 0.1832]
2024-04-30 17:45:03.715862 Epoch [021/080], Step [0125/0125],  lateral-5: 0.1852]
the current epoch is 21, the validation dice is 0.79031040221914
2024-04-30 17:48:08.147163 Epoch [022/080], Step [0020/0125],  lateral-5: 0.1883]
2024-04-30 17:48:24.029374 Epoch [022/080], Step [0040/0125],  lateral-5: 0.1826]
2024-04-30 17:48:39.981655 Epoch [022/080], Step [0060/0125],  lateral-5: 0.1744]
2024-04-30 17:48:55.963370 Epoch [022/080], Step [0080/0125],  lateral-5: 0.1777]
2024-04-30 17:49:11.968763 Epoch [022/080], Step [0100/0125],  lateral-5: 0.1795]
2024-04-30 17:49:27.981657 Epoch [022/080], Step [0120/0125],  lateral-5: 0.1692]
2024-04-30 17:49:31.668925 Epoch [022/080], Step [0125/0125],  lateral-5: 0.1678]
the current epoch is 22, the validation dice is 0.8348495839112344
2024-04-30 17:52:48.118288 Epoch [023/080], Step [0020/0125],  lateral-5: 0.1616]
2024-04-30 17:53:03.972260 Epoch [023/080], Step [0040/0125],  lateral-5: 0.1665]
2024-04-30 17:53:19.898650 Epoch [023/080], Step [0060/0125],  lateral-5: 0.1739]
2024-04-30 17:53:35.877313 Epoch [023/080], Step [0080/0125],  lateral-5: 0.1730]
2024-04-30 17:53:51.880590 Epoch [023/080], Step [0100/0125],  lateral-5: 0.1770]
2024-04-30 17:54:07.875302 Epoch [023/080], Step [0120/0125],  lateral-5: 0.1841]
2024-04-30 17:54:11.558453 Epoch [023/080], Step [0125/0125],  lateral-5: 0.1848]
the current epoch is 23, the validation dice is 0.8069686546463237
2024-04-30 17:57:37.735599 Epoch [024/080], Step [0020/0125],  lateral-5: 0.1818]
2024-04-30 17:57:53.670604 Epoch [024/080], Step [0040/0125],  lateral-5: 0.1778]
2024-04-30 17:58:09.546299 Epoch [024/080], Step [0060/0125],  lateral-5: 0.1750]
2024-04-30 17:58:25.477955 Epoch [024/080], Step [0080/0125],  lateral-5: 0.1785]
2024-04-30 17:58:41.461624 Epoch [024/080], Step [0100/0125],  lateral-5: 0.1805]
2024-04-30 17:58:57.455783 Epoch [024/080], Step [0120/0125],  lateral-5: 0.1777]
2024-04-30 17:59:01.135037 Epoch [024/080], Step [0125/0125],  lateral-5: 0.1755]
the current epoch is 24, the validation dice is 0.8313634535367553
2024-04-30 18:02:18.688363 Epoch [025/080], Step [0020/0125],  lateral-5: 0.1664]
2024-04-30 18:02:34.529363 Epoch [025/080], Step [0040/0125],  lateral-5: 0.1686]
2024-04-30 18:02:50.419152 Epoch [025/080], Step [0060/0125],  lateral-5: 0.1751]
2024-04-30 18:03:06.370488 Epoch [025/080], Step [0080/0125],  lateral-5: 0.1953]
2024-04-30 18:03:22.352527 Epoch [025/080], Step [0100/0125],  lateral-5: 0.2027]
2024-04-30 18:03:38.350186 Epoch [025/080], Step [0120/0125],  lateral-5: 0.1868]
2024-04-30 18:03:42.028822 Epoch [025/080], Step [0125/0125],  lateral-5: 0.1868]
the current epoch is 25, the validation dice is 0.8385942441054086
2024-04-30 18:07:00.472938 Epoch [026/080], Step [0020/0125],  lateral-5: 0.1708]
2024-04-30 18:07:16.315393 Epoch [026/080], Step [0040/0125],  lateral-5: 0.1736]
2024-04-30 18:07:32.213712 Epoch [026/080], Step [0060/0125],  lateral-5: 0.1754]
2024-04-30 18:07:48.139064 Epoch [026/080], Step [0080/0125],  lateral-5: 0.1759]
2024-04-30 18:08:04.125338 Epoch [026/080], Step [0100/0125],  lateral-5: 0.1706]
2024-04-30 18:08:20.124066 Epoch [026/080], Step [0120/0125],  lateral-5: 0.1639]
2024-04-30 18:08:23.808423 Epoch [026/080], Step [0125/0125],  lateral-5: 0.1632]
the current epoch is 26, the validation dice is 0.8170334257975043
2024-04-30 18:11:41.515956 Epoch [027/080], Step [0020/0125],  lateral-5: 0.1666]
2024-04-30 18:11:57.377225 Epoch [027/080], Step [0040/0125],  lateral-5: 0.1665]
2024-04-30 18:12:13.302076 Epoch [027/080], Step [0060/0125],  lateral-5: 0.1685]
2024-04-30 18:12:29.240075 Epoch [027/080], Step [0080/0125],  lateral-5: 0.1699]
2024-04-30 18:12:45.212557 Epoch [027/080], Step [0100/0125],  lateral-5: 0.1708]
2024-04-30 18:13:01.204377 Epoch [027/080], Step [0120/0125],  lateral-5: 0.1733]
2024-04-30 18:13:04.887077 Epoch [027/080], Step [0125/0125],  lateral-5: 0.1717]
the current epoch is 27, the validation dice is 0.8372447295423018
2024-04-30 18:16:15.024434 Epoch [028/080], Step [0020/0125],  lateral-5: 0.1655]
2024-04-30 18:16:30.889321 Epoch [028/080], Step [0040/0125],  lateral-5: 0.1640]
2024-04-30 18:16:46.824881 Epoch [028/080], Step [0060/0125],  lateral-5: 0.1672]
2024-04-30 18:17:02.792923 Epoch [028/080], Step [0080/0125],  lateral-5: 0.1782]
2024-04-30 18:17:18.784805 Epoch [028/080], Step [0100/0125],  lateral-5: 0.1930]
2024-04-30 18:17:34.783601 Epoch [028/080], Step [0120/0125],  lateral-5: 0.1921]
2024-04-30 18:17:38.471522 Epoch [028/080], Step [0125/0125],  lateral-5: 0.1867]
the current epoch is 28, the validation dice is 0.8491467406380022
2024-04-30 18:20:54.233936 Epoch [029/080], Step [0020/0125],  lateral-5: 0.1858]
2024-04-30 18:21:10.097368 Epoch [029/080], Step [0040/0125],  lateral-5: 0.1751]
2024-04-30 18:21:26.021035 Epoch [029/080], Step [0060/0125],  lateral-5: 0.1653]
2024-04-30 18:21:41.984039 Epoch [029/080], Step [0080/0125],  lateral-5: 0.1606]
2024-04-30 18:21:57.979944 Epoch [029/080], Step [0100/0125],  lateral-5: 0.1630]
2024-04-30 18:22:14.137357 Epoch [029/080], Step [0120/0125],  lateral-5: 0.1667]
2024-04-30 18:22:17.832808 Epoch [029/080], Step [0125/0125],  lateral-5: 0.1639]
the current epoch is 29, the validation dice is 0.8267486823855752
2024-04-30 18:25:15.605220 Epoch [030/080], Step [0020/0125],  lateral-5: 0.1629]
2024-04-30 18:25:31.464256 Epoch [030/080], Step [0040/0125],  lateral-5: 0.1591]
2024-04-30 18:25:47.393013 Epoch [030/080], Step [0060/0125],  lateral-5: 0.1590]
2024-04-30 18:26:03.354407 Epoch [030/080], Step [0080/0125],  lateral-5: 0.1638]
2024-04-30 18:26:19.350993 Epoch [030/080], Step [0100/0125],  lateral-5: 0.1691]
2024-04-30 18:26:35.351525 Epoch [030/080], Step [0120/0125],  lateral-5: 0.1712]
2024-04-30 18:26:39.037806 Epoch [030/080], Step [0125/0125],  lateral-5: 0.1702]
the current epoch is 30, the validation dice is 0.8150547156726768
2024-04-30 18:29:49.964820 Epoch [031/080], Step [0020/0125],  lateral-5: 0.1576]
2024-04-30 18:30:05.839365 Epoch [031/080], Step [0040/0125],  lateral-5: 0.1591]
2024-04-30 18:30:21.788165 Epoch [031/080], Step [0060/0125],  lateral-5: 0.1671]
2024-04-30 18:30:37.768239 Epoch [031/080], Step [0080/0125],  lateral-5: 0.1711]
2024-04-30 18:30:53.768404 Epoch [031/080], Step [0100/0125],  lateral-5: 0.1655]
2024-04-30 18:31:09.803008 Epoch [031/080], Step [0120/0125],  lateral-5: 0.1604]
2024-04-30 18:31:13.486216 Epoch [031/080], Step [0125/0125],  lateral-5: 0.1601]
the current epoch is 31, the validation dice is 0.8064551317614421
2024-04-30 18:34:28.647683 Epoch [032/080], Step [0020/0125],  lateral-5: 0.1650]
2024-04-30 18:34:44.494373 Epoch [032/080], Step [0040/0125],  lateral-5: 0.1623]
2024-04-30 18:35:00.388721 Epoch [032/080], Step [0060/0125],  lateral-5: 0.1606]
2024-04-30 18:35:16.451138 Epoch [032/080], Step [0080/0125],  lateral-5: 0.1608]
2024-04-30 18:35:32.439736 Epoch [032/080], Step [0100/0125],  lateral-5: 0.1623]
2024-04-30 18:35:48.437271 Epoch [032/080], Step [0120/0125],  lateral-5: 0.1641]
2024-04-30 18:35:52.125935 Epoch [032/080], Step [0125/0125],  lateral-5: 0.1620]
the current epoch is 32, the validation dice is 0.8354984049930643
2024-04-30 18:38:54.239843 Epoch [033/080], Step [0020/0125],  lateral-5: 0.1626]
2024-04-30 18:39:10.091313 Epoch [033/080], Step [0040/0125],  lateral-5: 0.1630]
2024-04-30 18:39:25.987468 Epoch [033/080], Step [0060/0125],  lateral-5: 0.1584]
2024-04-30 18:39:41.925067 Epoch [033/080], Step [0080/0125],  lateral-5: 0.1541]
2024-04-30 18:39:57.894717 Epoch [033/080], Step [0100/0125],  lateral-5: 0.1586]
2024-04-30 18:40:13.884213 Epoch [033/080], Step [0120/0125],  lateral-5: 0.1640]
2024-04-30 18:40:17.564989 Epoch [033/080], Step [0125/0125],  lateral-5: 0.1651]
the current epoch is 33, the validation dice is 0.8355429264909853
2024-04-30 18:43:27.628863 Epoch [034/080], Step [0020/0125],  lateral-5: 0.1578]
2024-04-30 18:43:43.502050 Epoch [034/080], Step [0040/0125],  lateral-5: 0.1616]
2024-04-30 18:43:59.433624 Epoch [034/080], Step [0060/0125],  lateral-5: 0.1643]
2024-04-30 18:44:15.405595 Epoch [034/080], Step [0080/0125],  lateral-5: 0.1592]
2024-04-30 18:44:31.388536 Epoch [034/080], Step [0100/0125],  lateral-5: 0.1613]
2024-04-30 18:44:47.384430 Epoch [034/080], Step [0120/0125],  lateral-5: 0.1640]
2024-04-30 18:44:51.064593 Epoch [034/080], Step [0125/0125],  lateral-5: 0.1631]
the current epoch is 34, the validation dice is 0.8238137309292642
2024-04-30 18:48:03.386092 Epoch [035/080], Step [0020/0125],  lateral-5: 0.1625]
2024-04-30 18:48:19.372450 Epoch [035/080], Step [0040/0125],  lateral-5: 0.1598]
2024-04-30 18:48:35.324554 Epoch [035/080], Step [0060/0125],  lateral-5: 0.1592]
2024-04-30 18:48:51.299504 Epoch [035/080], Step [0080/0125],  lateral-5: 0.1650]
2024-04-30 18:49:07.309805 Epoch [035/080], Step [0100/0125],  lateral-5: 0.1644]
2024-04-30 18:49:23.319350 Epoch [035/080], Step [0120/0125],  lateral-5: 0.1564]
2024-04-30 18:49:27.003911 Epoch [035/080], Step [0125/0125],  lateral-5: 0.1549]
the current epoch is 35, the validation dice is 0.8229509708737857
2024-04-30 18:52:40.730034 Epoch [036/080], Step [0020/0125],  lateral-5: 0.1599]
2024-04-30 18:52:56.602548 Epoch [036/080], Step [0040/0125],  lateral-5: 0.1577]
2024-04-30 18:53:12.517072 Epoch [036/080], Step [0060/0125],  lateral-5: 0.1571]
2024-04-30 18:53:28.467256 Epoch [036/080], Step [0080/0125],  lateral-5: 0.1591]
2024-04-30 18:53:44.452281 Epoch [036/080], Step [0100/0125],  lateral-5: 0.1597]
2024-04-30 18:54:00.448613 Epoch [036/080], Step [0120/0125],  lateral-5: 0.1693]
2024-04-30 18:54:04.135178 Epoch [036/080], Step [0125/0125],  lateral-5: 0.1775]
the current epoch is 36, the validation dice is 0.7208549930651874
2024-04-30 18:57:11.049065 Epoch [037/080], Step [0020/0125],  lateral-5: 0.2017]
2024-04-30 18:57:26.914365 Epoch [037/080], Step [0040/0125],  lateral-5: 0.1929]
2024-04-30 18:57:42.831066 Epoch [037/080], Step [0060/0125],  lateral-5: 0.1773]
2024-04-30 18:57:58.797603 Epoch [037/080], Step [0080/0125],  lateral-5: 0.1744]
2024-04-30 18:58:14.784696 Epoch [037/080], Step [0100/0125],  lateral-5: 0.1708]
2024-04-30 18:58:30.797706 Epoch [037/080], Step [0120/0125],  lateral-5: 0.1642]
2024-04-30 18:58:34.487668 Epoch [037/080], Step [0125/0125],  lateral-5: 0.1652]
the current epoch is 37, the validation dice is 0.7535632454923721
2024-04-30 19:01:42.422437 Epoch [038/080], Step [0020/0125],  lateral-5: 0.1833]
2024-04-30 19:01:58.325509 Epoch [038/080], Step [0040/0125],  lateral-5: 0.1691]
2024-04-30 19:02:14.304071 Epoch [038/080], Step [0060/0125],  lateral-5: 0.1561]
2024-04-30 19:02:30.306977 Epoch [038/080], Step [0080/0125],  lateral-5: 0.1597]
2024-04-30 19:02:46.350713 Epoch [038/080], Step [0100/0125],  lateral-5: 0.1595]
2024-04-30 19:03:02.401778 Epoch [038/080], Step [0120/0125],  lateral-5: 0.1582]
2024-04-30 19:03:06.093553 Epoch [038/080], Step [0125/0125],  lateral-5: 0.1598]
the current epoch is 38, the validation dice is 0.8380604715672678
2024-04-30 19:06:22.128855 Epoch [039/080], Step [0020/0125],  lateral-5: 0.1510]
2024-04-30 19:06:37.987038 Epoch [039/080], Step [0040/0125],  lateral-5: 0.1525]
2024-04-30 19:06:53.920381 Epoch [039/080], Step [0060/0125],  lateral-5: 0.1536]
2024-04-30 19:07:09.886378 Epoch [039/080], Step [0080/0125],  lateral-5: 0.1512]
2024-04-30 19:07:25.870190 Epoch [039/080], Step [0100/0125],  lateral-5: 0.1545]
2024-04-30 19:07:41.867904 Epoch [039/080], Step [0120/0125],  lateral-5: 0.1559]
2024-04-30 19:07:45.553111 Epoch [039/080], Step [0125/0125],  lateral-5: 0.1556]
the current epoch is 39, the validation dice is 0.825333356449376
2024-04-30 19:11:02.738895 Epoch [040/080], Step [0020/0125],  lateral-5: 0.1525]
2024-04-30 19:11:18.578642 Epoch [040/080], Step [0040/0125],  lateral-5: 0.1557]
2024-04-30 19:11:34.467582 Epoch [040/080], Step [0060/0125],  lateral-5: 0.1589]
2024-04-30 19:11:50.407241 Epoch [040/080], Step [0080/0125],  lateral-5: 0.1606]
2024-04-30 19:12:06.520197 Epoch [040/080], Step [0100/0125],  lateral-5: 0.1581]
2024-04-30 19:12:22.528346 Epoch [040/080], Step [0120/0125],  lateral-5: 0.1498]
2024-04-30 19:12:26.213974 Epoch [040/080], Step [0125/0125],  lateral-5: 0.1487]
the current epoch is 40, the validation dice is 0.8035592233009711
2024-04-30 19:15:40.561975 Epoch [041/080], Step [0020/0125],  lateral-5: 0.1477]
2024-04-30 19:15:56.406457 Epoch [041/080], Step [0040/0125],  lateral-5: 0.1487]
2024-04-30 19:16:12.297530 Epoch [041/080], Step [0060/0125],  lateral-5: 0.1537]
2024-04-30 19:16:28.256622 Epoch [041/080], Step [0080/0125],  lateral-5: 0.1552]
2024-04-30 19:16:44.255764 Epoch [041/080], Step [0100/0125],  lateral-5: 0.1529]
2024-04-30 19:17:00.267351 Epoch [041/080], Step [0120/0125],  lateral-5: 0.1545]
2024-04-30 19:17:03.961105 Epoch [041/080], Step [0125/0125],  lateral-5: 0.1532]
the current epoch is 41, the validation dice is 0.8163882108183075
2024-04-30 19:20:15.575854 Epoch [042/080], Step [0020/0125],  lateral-5: 0.1433]
2024-04-30 19:20:31.429999 Epoch [042/080], Step [0040/0125],  lateral-5: 0.1486]
2024-04-30 19:20:47.330642 Epoch [042/080], Step [0060/0125],  lateral-5: 0.1536]
2024-04-30 19:21:03.269096 Epoch [042/080], Step [0080/0125],  lateral-5: 0.1576]
2024-04-30 19:21:19.239164 Epoch [042/080], Step [0100/0125],  lateral-5: 0.1581]
2024-04-30 19:21:35.227052 Epoch [042/080], Step [0120/0125],  lateral-5: 0.1564]
2024-04-30 19:21:38.915361 Epoch [042/080], Step [0125/0125],  lateral-5: 0.1576]
the current epoch is 42, the validation dice is 0.8290733009708744
2024-04-30 19:24:37.363686 Epoch [043/080], Step [0020/0125],  lateral-5: 0.1488]
2024-04-30 19:24:53.211833 Epoch [043/080], Step [0040/0125],  lateral-5: 0.1540]
2024-04-30 19:25:09.110901 Epoch [043/080], Step [0060/0125],  lateral-5: 0.1572]
2024-04-30 19:25:25.191186 Epoch [043/080], Step [0080/0125],  lateral-5: 0.1566]
2024-04-30 19:25:41.189905 Epoch [043/080], Step [0100/0125],  lateral-5: 0.1546]
2024-04-30 19:25:57.204587 Epoch [043/080], Step [0120/0125],  lateral-5: 0.1501]
2024-04-30 19:26:00.887320 Epoch [043/080], Step [0125/0125],  lateral-5: 0.1514]
the current epoch is 43, the validation dice is 0.8243366851595011
2024-04-30 19:29:07.108596 Epoch [044/080], Step [0020/0125],  lateral-5: 0.1491]
2024-04-30 19:29:22.970578 Epoch [044/080], Step [0040/0125],  lateral-5: 0.1476]
2024-04-30 19:29:38.871418 Epoch [044/080], Step [0060/0125],  lateral-5: 0.1502]
2024-04-30 19:29:54.821799 Epoch [044/080], Step [0080/0125],  lateral-5: 0.1541]
2024-04-30 19:30:10.798185 Epoch [044/080], Step [0100/0125],  lateral-5: 0.1542]
2024-04-30 19:30:26.793120 Epoch [044/080], Step [0120/0125],  lateral-5: 0.1525]
2024-04-30 19:30:30.479649 Epoch [044/080], Step [0125/0125],  lateral-5: 0.1551]
the current epoch is 44, the validation dice is 0.8254824549237174
2024-04-30 19:33:33.047243 Epoch [045/080], Step [0020/0125],  lateral-5: 0.1509]
2024-04-30 19:33:48.902387 Epoch [045/080], Step [0040/0125],  lateral-5: 0.1487]
2024-04-30 19:34:04.803447 Epoch [045/080], Step [0060/0125],  lateral-5: 0.1496]
2024-04-30 19:34:20.743683 Epoch [045/080], Step [0080/0125],  lateral-5: 0.1478]
2024-04-30 19:34:36.714378 Epoch [045/080], Step [0100/0125],  lateral-5: 0.1454]
2024-04-30 19:34:52.708347 Epoch [045/080], Step [0120/0125],  lateral-5: 0.1463]
2024-04-30 19:34:56.392522 Epoch [045/080], Step [0125/0125],  lateral-5: 0.1468]
the current epoch is 45, the validation dice is 0.7984690707350909
2024-04-30 19:38:03.410909 Epoch [046/080], Step [0020/0125],  lateral-5: 0.1490]
2024-04-30 19:38:19.454153 Epoch [046/080], Step [0040/0125],  lateral-5: 0.1492]
2024-04-30 19:38:35.407414 Epoch [046/080], Step [0060/0125],  lateral-5: 0.1503]
2024-04-30 19:38:51.393504 Epoch [046/080], Step [0080/0125],  lateral-5: 0.1498]
2024-04-30 19:39:07.409750 Epoch [046/080], Step [0100/0125],  lateral-5: 0.1553]
2024-04-30 19:39:23.443526 Epoch [046/080], Step [0120/0125],  lateral-5: 0.1598]
2024-04-30 19:39:27.132872 Epoch [046/080], Step [0125/0125],  lateral-5: 0.1558]
the current epoch is 46, the validation dice is 0.8461642857142861
2024-04-30 19:42:32.775711 Epoch [047/080], Step [0020/0125],  lateral-5: 0.1589]
2024-04-30 19:42:48.657251 Epoch [047/080], Step [0040/0125],  lateral-5: 0.1590]
2024-04-30 19:43:04.584872 Epoch [047/080], Step [0060/0125],  lateral-5: 0.1603]
2024-04-30 19:43:20.546443 Epoch [047/080], Step [0080/0125],  lateral-5: 0.1565]
2024-04-30 19:43:36.545499 Epoch [047/080], Step [0100/0125],  lateral-5: 0.1524]
2024-04-30 19:43:52.542659 Epoch [047/080], Step [0120/0125],  lateral-5: 0.1555]
2024-04-30 19:43:56.228699 Epoch [047/080], Step [0125/0125],  lateral-5: 0.1569]
the current epoch is 47, the validation dice is 0.8010581830790586
2024-04-30 19:47:09.157166 Epoch [048/080], Step [0020/0125],  lateral-5: 0.1499]
2024-04-30 19:47:24.991564 Epoch [048/080], Step [0040/0125],  lateral-5: 0.1536]
2024-04-30 19:47:40.878276 Epoch [048/080], Step [0060/0125],  lateral-5: 0.1567]
2024-04-30 19:47:56.812928 Epoch [048/080], Step [0080/0125],  lateral-5: 0.1538]
2024-04-30 19:48:12.775897 Epoch [048/080], Step [0100/0125],  lateral-5: 0.1674]
2024-04-30 19:48:28.764519 Epoch [048/080], Step [0120/0125],  lateral-5: 0.1760]
2024-04-30 19:48:32.449382 Epoch [048/080], Step [0125/0125],  lateral-5: 0.1756]
the current epoch is 48, the validation dice is 0.8172280859916773
2024-04-30 19:51:49.430524 Epoch [049/080], Step [0020/0125],  lateral-5: 0.1529]
2024-04-30 19:52:05.303804 Epoch [049/080], Step [0040/0125],  lateral-5: 0.1518]
2024-04-30 19:52:21.246825 Epoch [049/080], Step [0060/0125],  lateral-5: 0.1522]
2024-04-30 19:52:37.218434 Epoch [049/080], Step [0080/0125],  lateral-5: 0.1498]
2024-04-30 19:52:53.210638 Epoch [049/080], Step [0100/0125],  lateral-5: 0.1502]
2024-04-30 19:53:09.213532 Epoch [049/080], Step [0120/0125],  lateral-5: 0.1516]
2024-04-30 19:53:12.900685 Epoch [049/080], Step [0125/0125],  lateral-5: 0.1584]
the current epoch is 49, the validation dice is 0.7588905686546464
2024-04-30 19:56:27.931016 Epoch [050/080], Step [0020/0125],  lateral-5: 0.1750]
2024-04-30 19:56:43.796187 Epoch [050/080], Step [0040/0125],  lateral-5: 0.1631]
2024-04-30 19:56:59.722926 Epoch [050/080], Step [0060/0125],  lateral-5: 0.1493]
2024-04-30 19:57:15.689781 Epoch [050/080], Step [0080/0125],  lateral-5: 0.1444]
2024-04-30 19:57:31.693733 Epoch [050/080], Step [0100/0125],  lateral-5: 0.1414]
2024-04-30 19:57:47.707364 Epoch [050/080], Step [0120/0125],  lateral-5: 0.1416]
2024-04-30 19:57:51.397919 Epoch [050/080], Step [0125/0125],  lateral-5: 0.1412]
the current epoch is 50, the validation dice is 0.8069542995839102
2024-04-30 20:00:52.670397 Epoch [051/080], Step [0020/0125],  lateral-5: 0.1503]
2024-04-30 20:01:08.536317 Epoch [051/080], Step [0040/0125],  lateral-5: 0.1453]
2024-04-30 20:01:24.466979 Epoch [051/080], Step [0060/0125],  lateral-5: 0.1387]
2024-04-30 20:01:40.438180 Epoch [051/080], Step [0080/0125],  lateral-5: 0.1386]
2024-04-30 20:01:56.556171 Epoch [051/080], Step [0100/0125],  lateral-5: 0.1399]
2024-04-30 20:02:12.564936 Epoch [051/080], Step [0120/0125],  lateral-5: 0.1440]
2024-04-30 20:02:16.252350 Epoch [051/080], Step [0125/0125],  lateral-5: 0.1443]
the current epoch is 51, the validation dice is 0.8138620665742025
2024-04-30 20:05:25.014401 Epoch [052/080], Step [0020/0125],  lateral-5: 0.1394]
2024-04-30 20:05:40.877891 Epoch [052/080], Step [0040/0125],  lateral-5: 0.1438]
2024-04-30 20:05:56.815368 Epoch [052/080], Step [0060/0125],  lateral-5: 0.1453]
2024-04-30 20:06:12.790530 Epoch [052/080], Step [0080/0125],  lateral-5: 0.1388]
2024-04-30 20:06:28.792504 Epoch [052/080], Step [0100/0125],  lateral-5: 0.1368]
2024-04-30 20:06:44.805112 Epoch [052/080], Step [0120/0125],  lateral-5: 0.1405]
2024-04-30 20:06:48.494701 Epoch [052/080], Step [0125/0125],  lateral-5: 0.1403]
the current epoch is 52, the validation dice is 0.8127502080443832
2024-04-30 20:09:57.577926 Epoch [053/080], Step [0020/0125],  lateral-5: 0.1399]
2024-04-30 20:10:13.430211 Epoch [053/080], Step [0040/0125],  lateral-5: 0.1393]
2024-04-30 20:10:29.326094 Epoch [053/080], Step [0060/0125],  lateral-5: 0.1424]
2024-04-30 20:10:45.283449 Epoch [053/080], Step [0080/0125],  lateral-5: 0.1441]
2024-04-30 20:11:01.286853 Epoch [053/080], Step [0100/0125],  lateral-5: 0.1439]
2024-04-30 20:11:17.294265 Epoch [053/080], Step [0120/0125],  lateral-5: 0.1432]
2024-04-30 20:11:20.985005 Epoch [053/080], Step [0125/0125],  lateral-5: 0.1457]
the current epoch is 53, the validation dice is 0.8145947988904311
2024-04-30 20:14:25.734258 Epoch [054/080], Step [0020/0125],  lateral-5: 0.1415]
2024-04-30 20:14:41.588933 Epoch [054/080], Step [0040/0125],  lateral-5: 0.1457]
2024-04-30 20:14:57.495447 Epoch [054/080], Step [0060/0125],  lateral-5: 0.1438]
2024-04-30 20:15:13.583960 Epoch [054/080], Step [0080/0125],  lateral-5: 0.1406]
2024-04-30 20:15:29.595117 Epoch [054/080], Step [0100/0125],  lateral-5: 0.1434]
2024-04-30 20:15:45.615746 Epoch [054/080], Step [0120/0125],  lateral-5: 0.1427]
2024-04-30 20:15:49.302840 Epoch [054/080], Step [0125/0125],  lateral-5: 0.1431]
the current epoch is 54, the validation dice is 0.8160787101248269
2024-04-30 20:18:50.194589 Epoch [055/080], Step [0020/0125],  lateral-5: 0.1507]
2024-04-30 20:19:06.052466 Epoch [055/080], Step [0040/0125],  lateral-5: 0.1461]
2024-04-30 20:19:21.956601 Epoch [055/080], Step [0060/0125],  lateral-5: 0.1421]
2024-04-30 20:19:37.910798 Epoch [055/080], Step [0080/0125],  lateral-5: 0.1399]
2024-04-30 20:19:53.893849 Epoch [055/080], Step [0100/0125],  lateral-5: 0.1407]
2024-04-30 20:20:09.912379 Epoch [055/080], Step [0120/0125],  lateral-5: 0.1406]
2024-04-30 20:20:13.597390 Epoch [055/080], Step [0125/0125],  lateral-5: 0.1427]
the current epoch is 55, the validation dice is 0.8162827323162273
2024-04-30 20:23:18.064342 Epoch [056/080], Step [0020/0125],  lateral-5: 0.1460]
2024-04-30 20:23:33.919220 Epoch [056/080], Step [0040/0125],  lateral-5: 0.1427]
2024-04-30 20:23:49.817799 Epoch [056/080], Step [0060/0125],  lateral-5: 0.1404]
2024-04-30 20:24:05.765143 Epoch [056/080], Step [0080/0125],  lateral-5: 0.1385]
2024-04-30 20:24:21.736642 Epoch [056/080], Step [0100/0125],  lateral-5: 0.1388]
2024-04-30 20:24:37.726748 Epoch [056/080], Step [0120/0125],  lateral-5: 0.1423]
2024-04-30 20:24:41.413983 Epoch [056/080], Step [0125/0125],  lateral-5: 0.1435]
the current epoch is 56, the validation dice is 0.8150741331484063
2024-04-30 20:27:51.793592 Epoch [057/080], Step [0020/0125],  lateral-5: 0.1444]
2024-04-30 20:28:07.779221 Epoch [057/080], Step [0040/0125],  lateral-5: 0.1456]
2024-04-30 20:28:23.717766 Epoch [057/080], Step [0060/0125],  lateral-5: 0.1420]
2024-04-30 20:28:39.691084 Epoch [057/080], Step [0080/0125],  lateral-5: 0.1397]
2024-04-30 20:28:55.685934 Epoch [057/080], Step [0100/0125],  lateral-5: 0.1404]
2024-04-30 20:29:11.703816 Epoch [057/080], Step [0120/0125],  lateral-5: 0.1426]
2024-04-30 20:29:15.395254 Epoch [057/080], Step [0125/0125],  lateral-5: 0.1427]
the current epoch is 57, the validation dice is 0.813825589459083
2024-04-30 20:32:16.745881 Epoch [058/080], Step [0020/0125],  lateral-5: 0.1458]
2024-04-30 20:32:32.609561 Epoch [058/080], Step [0040/0125],  lateral-5: 0.1467]
2024-04-30 20:32:48.544664 Epoch [058/080], Step [0060/0125],  lateral-5: 0.1439]
2024-04-30 20:33:04.515697 Epoch [058/080], Step [0080/0125],  lateral-5: 0.1400]
2024-04-30 20:33:20.515919 Epoch [058/080], Step [0100/0125],  lateral-5: 0.1442]
2024-04-30 20:33:36.515965 Epoch [058/080], Step [0120/0125],  lateral-5: 0.1463]
2024-04-30 20:33:40.197837 Epoch [058/080], Step [0125/0125],  lateral-5: 0.1454]
the current epoch is 58, the validation dice is 0.8159186546463248
2024-04-30 20:36:46.875438 Epoch [059/080], Step [0020/0125],  lateral-5: 0.1496]
2024-04-30 20:37:02.740360 Epoch [059/080], Step [0040/0125],  lateral-5: 0.1444]
2024-04-30 20:37:18.674275 Epoch [059/080], Step [0060/0125],  lateral-5: 0.1414]
2024-04-30 20:37:34.635432 Epoch [059/080], Step [0080/0125],  lateral-5: 0.1418]
2024-04-30 20:37:50.624942 Epoch [059/080], Step [0100/0125],  lateral-5: 0.1404]
2024-04-30 20:38:06.642412 Epoch [059/080], Step [0120/0125],  lateral-5: 0.1437]
2024-04-30 20:38:10.330400 Epoch [059/080], Step [0125/0125],  lateral-5: 0.1427]
the current epoch is 59, the validation dice is 0.8156590152565878
2024-04-30 20:41:14.277393 Epoch [060/080], Step [0020/0125],  lateral-5: 0.1469]
2024-04-30 20:41:30.160335 Epoch [060/080], Step [0040/0125],  lateral-5: 0.1458]
2024-04-30 20:41:46.119741 Epoch [060/080], Step [0060/0125],  lateral-5: 0.1418]
2024-04-30 20:42:02.105166 Epoch [060/080], Step [0080/0125],  lateral-5: 0.1386]
2024-04-30 20:42:18.116665 Epoch [060/080], Step [0100/0125],  lateral-5: 0.1383]
2024-04-30 20:42:34.141254 Epoch [060/080], Step [0120/0125],  lateral-5: 0.1412]
2024-04-30 20:42:37.832569 Epoch [060/080], Step [0125/0125],  lateral-5: 0.1412]
the current epoch is 60, the validation dice is 0.8170699029126197
2024-04-30 20:45:42.881695 Epoch [061/080], Step [0020/0125],  lateral-5: 0.1425]
2024-04-30 20:45:58.741115 Epoch [061/080], Step [0040/0125],  lateral-5: 0.1396]
2024-04-30 20:46:14.658081 Epoch [061/080], Step [0060/0125],  lateral-5: 0.1393]
2024-04-30 20:46:30.621172 Epoch [061/080], Step [0080/0125],  lateral-5: 0.1425]
2024-04-30 20:46:46.637382 Epoch [061/080], Step [0100/0125],  lateral-5: 0.1466]
2024-04-30 20:47:02.661304 Epoch [061/080], Step [0120/0125],  lateral-5: 0.1436]
2024-04-30 20:47:06.354148 Epoch [061/080], Step [0125/0125],  lateral-5: 0.1404]
the current epoch is 61, the validation dice is 0.8132631067961168
2024-04-30 20:50:12.047007 Epoch [062/080], Step [0020/0125],  lateral-5: 0.1453]
2024-04-30 20:50:27.914687 Epoch [062/080], Step [0040/0125],  lateral-5: 0.1464]
2024-04-30 20:50:43.819779 Epoch [062/080], Step [0060/0125],  lateral-5: 0.1464]
2024-04-30 20:50:59.786099 Epoch [062/080], Step [0080/0125],  lateral-5: 0.1422]
2024-04-30 20:51:15.907019 Epoch [062/080], Step [0100/0125],  lateral-5: 0.1384]
2024-04-30 20:51:31.941701 Epoch [062/080], Step [0120/0125],  lateral-5: 0.1424]
2024-04-30 20:51:35.628504 Epoch [062/080], Step [0125/0125],  lateral-5: 0.1426]
the current epoch is 62, the validation dice is 0.813478779472954
2024-04-30 20:54:24.955497 Epoch [063/080], Step [0020/0125],  lateral-5: 0.1371]
2024-04-30 20:54:40.825994 Epoch [063/080], Step [0040/0125],  lateral-5: 0.1408]
2024-04-30 20:54:56.733705 Epoch [063/080], Step [0060/0125],  lateral-5: 0.1424]
2024-04-30 20:55:12.688948 Epoch [063/080], Step [0080/0125],  lateral-5: 0.1404]
2024-04-30 20:55:28.680460 Epoch [063/080], Step [0100/0125],  lateral-5: 0.1410]
2024-04-30 20:55:44.679446 Epoch [063/080], Step [0120/0125],  lateral-5: 0.1421]
2024-04-30 20:55:48.364071 Epoch [063/080], Step [0125/0125],  lateral-5: 0.1420]
the current epoch is 63, the validation dice is 0.8176011095700412
2024-04-30 20:58:59.947061 Epoch [064/080], Step [0020/0125],  lateral-5: 0.1459]
2024-04-30 20:59:15.825513 Epoch [064/080], Step [0040/0125],  lateral-5: 0.1448]
2024-04-30 20:59:31.757555 Epoch [064/080], Step [0060/0125],  lateral-5: 0.1434]
2024-04-30 20:59:47.730225 Epoch [064/080], Step [0080/0125],  lateral-5: 0.1442]
2024-04-30 21:00:03.733726 Epoch [064/080], Step [0100/0125],  lateral-5: 0.1472]
2024-04-30 21:00:19.733898 Epoch [064/080], Step [0120/0125],  lateral-5: 0.1431]
2024-04-30 21:00:23.419961 Epoch [064/080], Step [0125/0125],  lateral-5: 0.1425]
the current epoch is 64, the validation dice is 0.812423162274618
2024-04-30 21:03:19.198674 Epoch [065/080], Step [0020/0125],  lateral-5: 0.1505]
2024-04-30 21:03:35.076296 Epoch [065/080], Step [0040/0125],  lateral-5: 0.1451]
2024-04-30 21:03:51.011797 Epoch [065/080], Step [0060/0125],  lateral-5: 0.1376]
2024-04-30 21:04:07.126323 Epoch [065/080], Step [0080/0125],  lateral-5: 0.1393]
2024-04-30 21:04:23.128522 Epoch [065/080], Step [0100/0125],  lateral-5: 0.1415]
2024-04-30 21:04:39.158757 Epoch [065/080], Step [0120/0125],  lateral-5: 0.1442]
2024-04-30 21:04:42.845683 Epoch [065/080], Step [0125/0125],  lateral-5: 0.1419]
the current epoch is 65, the validation dice is 0.815118585298197
2024-04-30 21:07:50.290675 Epoch [066/080], Step [0020/0125],  lateral-5: 0.1364]
2024-04-30 21:08:06.159758 Epoch [066/080], Step [0040/0125],  lateral-5: 0.1410]
2024-04-30 21:08:22.087706 Epoch [066/080], Step [0060/0125],  lateral-5: 0.1432]
2024-04-30 21:08:38.065239 Epoch [066/080], Step [0080/0125],  lateral-5: 0.1426]
2024-04-30 21:08:54.064621 Epoch [066/080], Step [0100/0125],  lateral-5: 0.1474]
2024-04-30 21:09:10.063100 Epoch [066/080], Step [0120/0125],  lateral-5: 0.1434]
2024-04-30 21:09:13.746349 Epoch [066/080], Step [0125/0125],  lateral-5: 0.1426]
the current epoch is 66, the validation dice is 0.8145014563106789
2024-04-30 21:12:09.447835 Epoch [067/080], Step [0020/0125],  lateral-5: 0.1337]
2024-04-30 21:12:25.314437 Epoch [067/080], Step [0040/0125],  lateral-5: 0.1351]
2024-04-30 21:12:41.253140 Epoch [067/080], Step [0060/0125],  lateral-5: 0.1377]
2024-04-30 21:12:57.225837 Epoch [067/080], Step [0080/0125],  lateral-5: 0.1440]
2024-04-30 21:13:13.231925 Epoch [067/080], Step [0100/0125],  lateral-5: 0.1461]
2024-04-30 21:13:29.247330 Epoch [067/080], Step [0120/0125],  lateral-5: 0.1432]
2024-04-30 21:13:32.939897 Epoch [067/080], Step [0125/0125],  lateral-5: 0.1406]
the current epoch is 67, the validation dice is 0.8152858529819701
2024-04-30 21:16:39.676905 Epoch [068/080], Step [0020/0125],  lateral-5: 0.1426]
2024-04-30 21:16:55.674364 Epoch [068/080], Step [0040/0125],  lateral-5: 0.1418]
2024-04-30 21:17:11.616425 Epoch [068/080], Step [0060/0125],  lateral-5: 0.1405]
2024-04-30 21:17:27.609141 Epoch [068/080], Step [0080/0125],  lateral-5: 0.1427]
2024-04-30 21:17:43.622207 Epoch [068/080], Step [0100/0125],  lateral-5: 0.1440]
2024-04-30 21:17:59.656819 Epoch [068/080], Step [0120/0125],  lateral-5: 0.1403]
2024-04-30 21:18:03.357085 Epoch [068/080], Step [0125/0125],  lateral-5: 0.1398]
the current epoch is 68, the validation dice is 0.8083914701803063
2024-04-30 21:20:56.789858 Epoch [069/080], Step [0020/0125],  lateral-5: 0.1409]
2024-04-30 21:21:12.651316 Epoch [069/080], Step [0040/0125],  lateral-5: 0.1425]
2024-04-30 21:21:28.568246 Epoch [069/080], Step [0060/0125],  lateral-5: 0.1452]
2024-04-30 21:21:44.529933 Epoch [069/080], Step [0080/0125],  lateral-5: 0.1451]
2024-04-30 21:22:00.523356 Epoch [069/080], Step [0100/0125],  lateral-5: 0.1426]
2024-04-30 21:22:16.548007 Epoch [069/080], Step [0120/0125],  lateral-5: 0.1424]
2024-04-30 21:22:20.245148 Epoch [069/080], Step [0125/0125],  lateral-5: 0.1439]
the current epoch is 69, the validation dice is 0.8120938280166443
2024-04-30 21:25:24.511899 Epoch [070/080], Step [0020/0125],  lateral-5: 0.1487]
2024-04-30 21:25:40.366150 Epoch [070/080], Step [0040/0125],  lateral-5: 0.1487]
2024-04-30 21:25:56.282052 Epoch [070/080], Step [0060/0125],  lateral-5: 0.1434]
2024-04-30 21:26:12.228040 Epoch [070/080], Step [0080/0125],  lateral-5: 0.1395]
2024-04-30 21:26:28.202246 Epoch [070/080], Step [0100/0125],  lateral-5: 0.1408]
2024-04-30 21:26:44.222089 Epoch [070/080], Step [0120/0125],  lateral-5: 0.1414]
2024-04-30 21:26:47.905069 Epoch [070/080], Step [0125/0125],  lateral-5: 0.1443]
the current epoch is 70, the validation dice is 0.8129319001386974
2024-04-30 21:29:52.486781 Epoch [071/080], Step [0020/0125],  lateral-5: 0.1432]
2024-04-30 21:30:08.350077 Epoch [071/080], Step [0040/0125],  lateral-5: 0.1402]
2024-04-30 21:30:24.261837 Epoch [071/080], Step [0060/0125],  lateral-5: 0.1382]
2024-04-30 21:30:40.227461 Epoch [071/080], Step [0080/0125],  lateral-5: 0.1410]
2024-04-30 21:30:56.227084 Epoch [071/080], Step [0100/0125],  lateral-5: 0.1431]
2024-04-30 21:31:12.278202 Epoch [071/080], Step [0120/0125],  lateral-5: 0.1450]
2024-04-30 21:31:15.970690 Epoch [071/080], Step [0125/0125],  lateral-5: 0.1454]
the current epoch is 71, the validation dice is 0.8171751733703174
2024-04-30 21:34:25.768291 Epoch [072/080], Step [0020/0125],  lateral-5: 0.1437]
2024-04-30 21:34:41.641402 Epoch [072/080], Step [0040/0125],  lateral-5: 0.1425]
2024-04-30 21:34:57.562011 Epoch [072/080], Step [0060/0125],  lateral-5: 0.1406]
2024-04-30 21:35:13.531407 Epoch [072/080], Step [0080/0125],  lateral-5: 0.1419]
2024-04-30 21:35:29.519274 Epoch [072/080], Step [0100/0125],  lateral-5: 0.1425]
2024-04-30 21:35:45.513504 Epoch [072/080], Step [0120/0125],  lateral-5: 0.1439]
2024-04-30 21:35:49.203749 Epoch [072/080], Step [0125/0125],  lateral-5: 0.1446]
the current epoch is 72, the validation dice is 0.8114178224687936
2024-04-30 21:38:59.221994 Epoch [073/080], Step [0020/0125],  lateral-5: 0.1501]
2024-04-30 21:39:15.080356 Epoch [073/080], Step [0040/0125],  lateral-5: 0.1426]
2024-04-30 21:39:31.009217 Epoch [073/080], Step [0060/0125],  lateral-5: 0.1366]
2024-04-30 21:39:46.970013 Epoch [073/080], Step [0080/0125],  lateral-5: 0.1397]
2024-04-30 21:40:03.066061 Epoch [073/080], Step [0100/0125],  lateral-5: 0.1408]
2024-04-30 21:40:19.064446 Epoch [073/080], Step [0120/0125],  lateral-5: 0.1414]
2024-04-30 21:40:22.752122 Epoch [073/080], Step [0125/0125],  lateral-5: 0.1426]
the current epoch is 73, the validation dice is 0.8172001386962539
2024-04-30 21:43:31.283860 Epoch [074/080], Step [0020/0125],  lateral-5: 0.1470]
2024-04-30 21:43:47.155693 Epoch [074/080], Step [0040/0125],  lateral-5: 0.1397]
2024-04-30 21:44:03.085294 Epoch [074/080], Step [0060/0125],  lateral-5: 0.1434]
2024-04-30 21:44:19.051799 Epoch [074/080], Step [0080/0125],  lateral-5: 0.1497]
2024-04-30 21:44:35.042015 Epoch [074/080], Step [0100/0125],  lateral-5: 0.1423]
2024-04-30 21:44:51.039143 Epoch [074/080], Step [0120/0125],  lateral-5: 0.1404]
2024-04-30 21:44:54.720226 Epoch [074/080], Step [0125/0125],  lateral-5: 0.1428]
the current epoch is 74, the validation dice is 0.8181511789181688
2024-04-30 21:48:11.282089 Epoch [075/080], Step [0020/0125],  lateral-5: 0.1461]
2024-04-30 21:48:27.153387 Epoch [075/080], Step [0040/0125],  lateral-5: 0.1417]
2024-04-30 21:48:43.079391 Epoch [075/080], Step [0060/0125],  lateral-5: 0.1428]
2024-04-30 21:48:59.076679 Epoch [075/080], Step [0080/0125],  lateral-5: 0.1438]
2024-04-30 21:49:15.120837 Epoch [075/080], Step [0100/0125],  lateral-5: 0.1405]
2024-04-30 21:49:31.164013 Epoch [075/080], Step [0120/0125],  lateral-5: 0.1442]
2024-04-30 21:49:34.854838 Epoch [075/080], Step [0125/0125],  lateral-5: 0.1460]
the current epoch is 75, the validation dice is 0.8188969486823849
2024-04-30 21:52:52.357175 Epoch [076/080], Step [0020/0125],  lateral-5: 0.1484]
2024-04-30 21:53:08.225798 Epoch [076/080], Step [0040/0125],  lateral-5: 0.1506]
2024-04-30 21:53:24.162008 Epoch [076/080], Step [0060/0125],  lateral-5: 0.1466]
2024-04-30 21:53:40.265697 Epoch [076/080], Step [0080/0125],  lateral-5: 0.1354]
2024-04-30 21:53:56.265636 Epoch [076/080], Step [0100/0125],  lateral-5: 0.1378]
2024-04-30 21:54:12.278635 Epoch [076/080], Step [0120/0125],  lateral-5: 0.1418]
2024-04-30 21:54:15.975176 Epoch [076/080], Step [0125/0125],  lateral-5: 0.1425]
the current epoch is 76, the validation dice is 0.8105216366158126
2024-04-30 21:57:29.580171 Epoch [077/080], Step [0020/0125],  lateral-5: 0.1402]
2024-04-30 21:57:45.446388 Epoch [077/080], Step [0040/0125],  lateral-5: 0.1400]
2024-04-30 21:58:01.388589 Epoch [077/080], Step [0060/0125],  lateral-5: 0.1358]
2024-04-30 21:58:17.371581 Epoch [077/080], Step [0080/0125],  lateral-5: 0.1382]
2024-04-30 21:58:33.386111 Epoch [077/080], Step [0100/0125],  lateral-5: 0.1454]
2024-04-30 21:58:49.393841 Epoch [077/080], Step [0120/0125],  lateral-5: 0.1471]
2024-04-30 21:58:53.079106 Epoch [077/080], Step [0125/0125],  lateral-5: 0.1473]
the current epoch is 77, the validation dice is 0.8141009015256595
2024-04-30 22:02:09.755184 Epoch [078/080], Step [0020/0125],  lateral-5: 0.1399]
2024-04-30 22:02:25.648355 Epoch [078/080], Step [0040/0125],  lateral-5: 0.1402]
2024-04-30 22:02:41.616720 Epoch [078/080], Step [0060/0125],  lateral-5: 0.1422]
2024-04-30 22:02:57.610000 Epoch [078/080], Step [0080/0125],  lateral-5: 0.1430]
2024-04-30 22:03:13.641914 Epoch [078/080], Step [0100/0125],  lateral-5: 0.1414]
2024-04-30 22:03:29.708522 Epoch [078/080], Step [0120/0125],  lateral-5: 0.1444]
2024-04-30 22:03:33.397898 Epoch [078/080], Step [0125/0125],  lateral-5: 0.1460]
the current epoch is 78, the validation dice is 0.8125807212205262
2024-04-30 22:06:53.025165 Epoch [079/080], Step [0020/0125],  lateral-5: 0.1443]
2024-04-30 22:07:09.026295 Epoch [079/080], Step [0040/0125],  lateral-5: 0.1433]
2024-04-30 22:07:24.982129 Epoch [079/080], Step [0060/0125],  lateral-5: 0.1415]
2024-04-30 22:07:40.980318 Epoch [079/080], Step [0080/0125],  lateral-5: 0.1422]
2024-04-30 22:07:57.000743 Epoch [079/080], Step [0100/0125],  lateral-5: 0.1423]
2024-04-30 22:08:13.033842 Epoch [079/080], Step [0120/0125],  lateral-5: 0.1427]
2024-04-30 22:08:16.726002 Epoch [079/080], Step [0125/0125],  lateral-5: 0.1421]
the current epoch is 79, the validation dice is 0.815539944521498
